Wed 24 Apr 2024 11:54:14 PM UTC: 
 hashmap.c | 6 ++++--
 1 file changed, 4 insertions(+), 2 deletions(-)
 tests:  0|6
total_score: 0/70
6520f36
Thu 25 Apr 2024 12:04:38 AM UTC: 
 hashmap.c | 7 ++++++-
 1 file changed, 6 insertions(+), 1 deletion(-)
 tests:  0|0
7b5ed82
Thu 25 Apr 2024 12:06:21 AM UTC: 
 hashmap.c | 3 ++-
 1 file changed, 2 insertions(+), 1 deletion(-)
In file included from test.c:4:
test.c: In function ‘createMap’:
hashmap.c:60:12: error: ‘*map.buckets’ is used uninitialized [-Werror=uninitialized]
   60 |     if (map->buckets[i] != NULL) return 0;
      |         ~~~^~~~~~~~~
cc1: all warnings being treated as errors
Compilation failed
6b09b69
Thu 25 Apr 2024 12:07:15 AM UTC: 
 hashmap.c | 2 +-
 1 file changed, 1 insertion(+), 1 deletion(-)
In file included from test.c:4:
hashmap.c: In function ‘createMap’:
hashmap.c:60:41: error: returning ‘int’ from a function with return type ‘HashMap *’ {aka ‘struct HashMap *’} makes pointer from integer without a cast [-Werror=int-conversion]
   60 |     if (map->buckets[i] == NULL) return 1;
      |                                         ^
hashmap.c:60:12: error: ‘*map.buckets’ is used uninitialized [-Werror=uninitialized]
   60 |     if (map->buckets[i] == NULL) return 1;
      |         ~~~^~~~~~~~~
cc1: all warnings being treated as errors
Compilation failed
8ea942c
Thu 25 Apr 2024 12:07:31 AM UTC: 
 hashmap.c | 2 +-
 1 file changed, 1 insertion(+), 1 deletion(-)
In file included from test.c:4:
hashmap.c: In function ‘createMap’:
hashmap.c:60:41: error: returning ‘int’ from a function with return type ‘HashMap *’ {aka ‘struct HashMap *’} makes pointer from integer without a cast [-Werror=int-conversion]
   60 |     if (map->buckets[i] == NULL) return -1;
      |                                         ^
hashmap.c:60:12: error: ‘*map.buckets’ is used uninitialized [-Werror=uninitialized]
   60 |     if (map->buckets[i] == NULL) return -1;
      |         ~~~^~~~~~~~~
cc1: all warnings being treated as errors
Compilation failed
ecd42ed
Thu 25 Apr 2024 12:08:02 AM UTC: 
 hashmap.c | 3 +--
 1 file changed, 1 insertion(+), 2 deletions(-)
In file included from test.c:4:
test.c: In function ‘createMap’:
hashmap.c:59:12: error: ‘*map.buckets’ is used uninitialized [-Werror=uninitialized]
   59 |     if (map->buckets != NULL) return 0;
      |         ~~~^~~~~~~~~
cc1: all warnings being treated as errors
Compilation failed
6252764
Thu 25 Apr 2024 12:08:18 AM UTC: 
 hashmap.c | 2 +-
 1 file changed, 1 insertion(+), 1 deletion(-)
In file included from test.c:4:
test.c: In function ‘createMap’:
hashmap.c:59:13: error: ‘*map.buckets’ is used uninitialized [-Werror=uninitialized]
   59 |     if (*map->buckets != NULL) return 0;
      |          ~~~^~~~~~~~~
cc1: all warnings being treated as errors
Compilation failed
b576a27
Thu 25 Apr 2024 12:11:32 AM UTC: 
 hashmap.c | 1 -
 1 file changed, 1 deletion(-)
 tests:  0|0
f7723b9
Thu 25 Apr 2024 12:15:35 AM UTC: 
 hashmap.c | 4 ++++
 1 file changed, 4 insertions(+)
In file included from test.c:4:
hashmap.c: In function ‘createMap’:
hashmap.c:61:12: error: ‘*map.buckets’ may be used uninitialized [-Werror=maybe-uninitialized]
   61 |         map->buckets[i] = NULL;
      |         ~~~^~~~~~~~~
cc1: all warnings being treated as errors
Compilation failed
649deb6
Thu 25 Apr 2024 12:16:01 AM UTC: 
 hashmap.c | 2 +-
 1 file changed, 1 insertion(+), 1 deletion(-)
 tests:  0|0
9002031
Thu 25 Apr 2024 12:17:07 AM UTC: 
 hashmap.c | 5 ++++-
 1 file changed, 4 insertions(+), 1 deletion(-)
In file included from test.c:4:
hashmap.c: In function ‘createMap’:
hashmap.c:63:18: error: returning ‘int’ from a function with return type ‘HashMap *’ {aka ‘struct HashMap *’} makes pointer from integer without a cast [-Werror=int-conversion]
   63 |           return 1;
      |                  ^
hashmap.c:61:16: error: ‘*map.buckets’ may be used uninitialized [-Werror=maybe-uninitialized]
   61 |         if (map->buckets[i] == NULL)
      |             ~~~^~~~~~~~~
cc1: all warnings being treated as errors
Compilation failed
0975586
Thu 25 Apr 2024 12:20:43 AM UTC: 
 hashmap.c | 7 +++----
 1 file changed, 3 insertions(+), 4 deletions(-)
 tests:  1|5
total_score: 10/70
1e90330
Thu 25 Apr 2024 12:24:52 AM UTC: 
 hashmap.c | 8 ++++++++
 1 file changed, 8 insertions(+)
 tests:  1|5
total_score: 10/70
5edbeb5
Fri 26 Apr 2024 11:05:43 PM UTC: 
 hashmap.c | 25 +++++++++++++++++++++++--
 1 file changed, 23 insertions(+), 2 deletions(-)
In file included from test.c:4:
hashmap.c: In function ‘insertMap’:
hashmap.c:65:12: error: ‘return’ with a value, in function returning void [-Werror=return-type]
   65 |     return NULL;
      |            ^~~~
hashmap.c:42:6: note: declared here
   42 | void insertMap(HashMap * map, char * key, void * value)
      |      ^~~~~~~~~
cc1: all warnings being treated as errors
Compilation failed
dac42a2
Fri 26 Apr 2024 11:14:02 PM UTC: 
 hashmap.c | 24 ++++++++++++++----------
 1 file changed, 14 insertions(+), 10 deletions(-)
 tests:  1|5
total_score: 10/70
e0c706e
Fri 26 Apr 2024 11:14:45 PM UTC: 
 hashmap.c | 1 +
 1 file changed, 1 insertion(+)
 tests:  1|5
total_score: 10/70
7fbe441
Fri 26 Apr 2024 11:15:52 PM UTC: 
 hashmap.c | 2 ++
 1 file changed, 2 insertions(+)
 tests:  1|5
total_score: 10/70
fe2241f
Fri 26 Apr 2024 11:39:13 PM UTC: 
 hashmap.c | 25 ++-----------------------
 1 file changed, 2 insertions(+), 23 deletions(-)
test.c: In function ‘insertMap’:
test.c:453:5: error: ‘main’ is normally a non-static function [-Werror=main]
  453 | int main( int argc, char *argv[] ) {
      |     ^~~~
test.c:511:1: error: expected declaration or statement at end of input
  511 | }
      | ^
At top level:
test.c:453:5: error: ‘main’ defined but not used [-Werror=unused-function]
  453 | int main( int argc, char *argv[] ) {
      |     ^~~~
test.c:217:5: error: ‘insert_test5’ defined but not used [-Werror=unused-function]
  217 | int insert_test5(){ //factor de carga>0.7, se llama a función enlarge
      |     ^~~~~~~~~~~~
test.c:131:6: error: ‘compare_test’ defined but not used [-Werror=unused-function]
  131 | void compare_test(){
      |      ^~~~~~~~~~~~
test.c:125:6: error: ‘hash_test3’ defined but not used [-Werror=unused-function]
  125 | void hash_test3(){ //no random
      |      ^~~~~~~~~~
test.c:111:6: error: ‘hash_test2’ defined but not used [-Werror=unused-function]
  111 | void hash_test2(){ // colisiones
      |      ^~~~~~~~~~
test.c:100:6: error: ‘hash_test1’ defined but not used [-Werror=unused-function]
  100 | void hash_test1(){ // posición válida
      |      ^~~~~~~~~~
cc1: all warnings being treated as errors
Compilation failed
277d2f3
Sat 27 Apr 2024 12:06:07 AM UTC: 
 hashmap.c | 30 ++++++++++++++++++++++++++++++
 1 file changed, 30 insertions(+)
In file included from test.c:4:
hashmap.c: In function ‘insertMap’:
hashmap.c:75:25: error: ‘i’ undeclared (first use in this function)
   75 |            map->buckets[i] == createPair(key,value);
      |                         ^
hashmap.c:75:25: note: each undeclared identifier is reported only once for each function it appears in
test.c:453:5: error: ‘main’ is normally a non-static function [-Werror=main]
  453 | int main( int argc, char *argv[] ) {
      |     ^~~~
test.c:511:1: error: expected declaration or statement at end of input
  511 | }
      | ^
At top level:
test.c:453:5: error: ‘main’ defined but not used [-Werror=unused-function]
  453 | int main( int argc, char *argv[] ) {
      |     ^~~~
test.c:217:5: error: ‘insert_test5’ defined but not used [-Werror=unused-function]
  217 | int insert_test5(){ //factor de carga>0.7, se llama a función enlarge
      |     ^~~~~~~~~~~~
test.c:131:6: error: ‘compare_test’ defined but not used [-Werror=unused-function]
  131 | void compare_test(){
      |      ^~~~~~~~~~~~
test.c:125:6: error: ‘hash_test3’ defined but not used [-Werror=unused-function]
  125 | void hash_test3(){ //no random
      |      ^~~~~~~~~~
test.c:111:6: error: ‘hash_test2’ defined but not used [-Werror=unused-function]
  111 | void hash_test2(){ // colisiones
      |      ^~~~~~~~~~
test.c:100:6: error: ‘hash_test1’ defined but not used [-Werror=unused-function]
  100 | void hash_test1(){ // posición válida
      |      ^~~~~~~~~~
cc1: all warnings being treated as errors
Compilation failed
4bad1b3
Sat 27 Apr 2024 12:08:04 AM UTC: 
 hashmap.c | 1 +
 1 file changed, 1 insertion(+)
In file included from test.c:4:
hashmap.c: In function ‘insertMap’:
hashmap.c:75:25: error: ‘i’ undeclared (first use in this function)
   75 |            map->buckets[i] == createPair(key,value);
      |                         ^
hashmap.c:75:25: note: each undeclared identifier is reported only once for each function it appears in
test.c:453:5: error: ‘main’ is normally a non-static function [-Werror=main]
  453 | int main( int argc, char *argv[] ) {
      |     ^~~~
test.c:511:1: error: expected declaration or statement at end of input
  511 | }
      | ^
At top level:
test.c:453:5: error: ‘main’ defined but not used [-Werror=unused-function]
  453 | int main( int argc, char *argv[] ) {
      |     ^~~~
test.c:217:5: error: ‘insert_test5’ defined but not used [-Werror=unused-function]
  217 | int insert_test5(){ //factor de carga>0.7, se llama a función enlarge
      |     ^~~~~~~~~~~~
test.c:131:6: error: ‘compare_test’ defined but not used [-Werror=unused-function]
  131 | void compare_test(){
      |      ^~~~~~~~~~~~
test.c:125:6: error: ‘hash_test3’ defined but not used [-Werror=unused-function]
  125 | void hash_test3(){ //no random
      |      ^~~~~~~~~~
test.c:111:6: error: ‘hash_test2’ defined but not used [-Werror=unused-function]
  111 | void hash_test2(){ // colisiones
      |      ^~~~~~~~~~
test.c:100:6: error: ‘hash_test1’ defined but not used [-Werror=unused-function]
  100 | void hash_test1(){ // posición válida
      |      ^~~~~~~~~~
cc1: all warnings being treated as errors
Compilation failed
5b10dbc
Sat 27 Apr 2024 12:08:34 AM UTC: 
 hashmap.c | 3 ---
 1 file changed, 3 deletions(-)
In file included from test.c:4:
hashmap.c: In function ‘insertMap’:
hashmap.c:73:25: error: ‘i’ undeclared (first use in this function)
   73 |            map->buckets[i] == createPair(key,value);
      |                         ^
hashmap.c:73:25: note: each undeclared identifier is reported only once for each function it appears in
test.c:453:5: error: ‘main’ is normally a non-static function [-Werror=main]
  453 | int main( int argc, char *argv[] ) {
      |     ^~~~
test.c:511:1: error: expected declaration or statement at end of input
  511 | }
      | ^
At top level:
test.c:453:5: error: ‘main’ defined but not used [-Werror=unused-function]
  453 | int main( int argc, char *argv[] ) {
      |     ^~~~
test.c:217:5: error: ‘insert_test5’ defined but not used [-Werror=unused-function]
  217 | int insert_test5(){ //factor de carga>0.7, se llama a función enlarge
      |     ^~~~~~~~~~~~
test.c:131:6: error: ‘compare_test’ defined but not used [-Werror=unused-function]
  131 | void compare_test(){
      |      ^~~~~~~~~~~~
test.c:125:6: error: ‘hash_test3’ defined but not used [-Werror=unused-function]
  125 | void hash_test3(){ //no random
      |      ^~~~~~~~~~
test.c:111:6: error: ‘hash_test2’ defined but not used [-Werror=unused-function]
  111 | void hash_test2(){ // colisiones
      |      ^~~~~~~~~~
test.c:100:6: error: ‘hash_test1’ defined but not used [-Werror=unused-function]
  100 | void hash_test1(){ // posición válida
      |      ^~~~~~~~~~
cc1: all warnings being treated as errors
Compilation failed
fc3d756
Sat 27 Apr 2024 12:12:32 AM UTC: 
 hashmap.c | 9 +++------
 1 file changed, 3 insertions(+), 6 deletions(-)
In file included from test.c:4:
hashmap.c:79:3: error: expected identifier or ‘(’ before ‘}’ token
   79 |   }
      |   ^
Compilation failed
6dfa7be
Sat 27 Apr 2024 12:13:29 AM UTC: 
 hashmap.c | 1 -
 1 file changed, 1 deletion(-)
 tests:  1|5
total_score: 10/70
804eba2
Sat 27 Apr 2024 12:15:41 AM UTC: 
 hashmap.c | 1 +
 1 file changed, 1 insertion(+)
 tests:  1|5
total_score: 10/70
d2c0676
Sat 27 Apr 2024 12:17:17 AM UTC: 
 hashmap.c | 15 +++------------
 1 file changed, 3 insertions(+), 12 deletions(-)
 tests:  2|5
total_score: 20/70
532e964
Sat 27 Apr 2024 12:24:16 AM UTC: 
 hashmap.c | 7 ++++++-
 1 file changed, 6 insertions(+), 1 deletion(-)
 tests:  2|5
total_score: 20/70
08cc42d
Sat 27 Apr 2024 12:24:47 AM UTC: 
 hashmap.c | 2 +-
 1 file changed, 1 insertion(+), 1 deletion(-)
 tests:  2|5
total_score: 20/70
d93553e
Sat 27 Apr 2024 12:26:03 AM UTC: 
 hashmap.c | 4 ++++
 1 file changed, 4 insertions(+)
 tests:  2|5
total_score: 20/70
bd12acc
Sat 27 Apr 2024 12:27:02 AM UTC: 
 hashmap.c | 6 +-----
 1 file changed, 1 insertion(+), 5 deletions(-)
 tests:  2|5
total_score: 20/70
b706414
Sat 27 Apr 2024 12:29:03 AM UTC: 
 hashmap.c | 6 ------
 1 file changed, 6 deletions(-)
 tests:  2|5
total_score: 20/70
7f8423d
Sat 27 Apr 2024 12:32:40 AM UTC: 
 hashmap.c | 5 +++++
 1 file changed, 5 insertions(+)
test.c: In function ‘insertMap’:
test.c:453:5: error: ‘main’ is normally a non-static function [-Werror=main]
  453 | int main( int argc, char *argv[] ) {
      |     ^~~~
test.c:511:1: error: expected declaration or statement at end of input
  511 | }
      | ^
At top level:
test.c:453:5: error: ‘main’ defined but not used [-Werror=unused-function]
  453 | int main( int argc, char *argv[] ) {
      |     ^~~~
test.c:217:5: error: ‘insert_test5’ defined but not used [-Werror=unused-function]
  217 | int insert_test5(){ //factor de carga>0.7, se llama a función enlarge
      |     ^~~~~~~~~~~~
test.c:131:6: error: ‘compare_test’ defined but not used [-Werror=unused-function]
  131 | void compare_test(){
      |      ^~~~~~~~~~~~
test.c:125:6: error: ‘hash_test3’ defined but not used [-Werror=unused-function]
  125 | void hash_test3(){ //no random
      |      ^~~~~~~~~~
test.c:111:6: error: ‘hash_test2’ defined but not used [-Werror=unused-function]
  111 | void hash_test2(){ // colisiones
      |      ^~~~~~~~~~
test.c:100:6: error: ‘hash_test1’ defined but not used [-Werror=unused-function]
  100 | void hash_test1(){ // posición válida
      |      ^~~~~~~~~~
cc1: all warnings being treated as errors
Compilation failed
96fd5ed
Sat 27 Apr 2024 12:34:18 AM UTC: 
 hashmap.c | 1 +
 1 file changed, 1 insertion(+)
test.c: In function ‘insertMap’:
test.c:453:5: error: ‘main’ is normally a non-static function [-Werror=main]
  453 | int main( int argc, char *argv[] ) {
      |     ^~~~
test.c:511:1: error: expected declaration or statement at end of input
  511 | }
      | ^
At top level:
test.c:453:5: error: ‘main’ defined but not used [-Werror=unused-function]
  453 | int main( int argc, char *argv[] ) {
      |     ^~~~
test.c:217:5: error: ‘insert_test5’ defined but not used [-Werror=unused-function]
  217 | int insert_test5(){ //factor de carga>0.7, se llama a función enlarge
      |     ^~~~~~~~~~~~
test.c:131:6: error: ‘compare_test’ defined but not used [-Werror=unused-function]
  131 | void compare_test(){
      |      ^~~~~~~~~~~~
test.c:125:6: error: ‘hash_test3’ defined but not used [-Werror=unused-function]
  125 | void hash_test3(){ //no random
      |      ^~~~~~~~~~
test.c:111:6: error: ‘hash_test2’ defined but not used [-Werror=unused-function]
  111 | void hash_test2(){ // colisiones
      |      ^~~~~~~~~~
test.c:100:6: error: ‘hash_test1’ defined but not used [-Werror=unused-function]
  100 | void hash_test1(){ // posición válida
      |      ^~~~~~~~~~
cc1: all warnings being treated as errors
Compilation failed
8b04390
Sat 27 Apr 2024 12:35:18 AM UTC: 
 hashmap.c | 2 --
 1 file changed, 2 deletions(-)
test.c: In function ‘insertMap’:
test.c:453:5: error: ‘main’ is normally a non-static function [-Werror=main]
  453 | int main( int argc, char *argv[] ) {
      |     ^~~~
test.c:511:1: error: expected declaration or statement at end of input
  511 | }
      | ^
At top level:
test.c:453:5: error: ‘main’ defined but not used [-Werror=unused-function]
  453 | int main( int argc, char *argv[] ) {
      |     ^~~~
test.c:217:5: error: ‘insert_test5’ defined but not used [-Werror=unused-function]
  217 | int insert_test5(){ //factor de carga>0.7, se llama a función enlarge
      |     ^~~~~~~~~~~~
test.c:131:6: error: ‘compare_test’ defined but not used [-Werror=unused-function]
  131 | void compare_test(){
      |      ^~~~~~~~~~~~
test.c:125:6: error: ‘hash_test3’ defined but not used [-Werror=unused-function]
  125 | void hash_test3(){ //no random
      |      ^~~~~~~~~~
test.c:111:6: error: ‘hash_test2’ defined but not used [-Werror=unused-function]
  111 | void hash_test2(){ // colisiones
      |      ^~~~~~~~~~
test.c:100:6: error: ‘hash_test1’ defined but not used [-Werror=unused-function]
  100 | void hash_test1(){ // posición válida
      |      ^~~~~~~~~~
cc1: all warnings being treated as errors
Compilation failed
2aa46c4
Sat 27 Apr 2024 12:37:10 AM UTC: 
 hashmap.c | 4 ++++
 1 file changed, 4 insertions(+)
test.c: In function ‘insertMap’:
test.c:453:5: error: ‘main’ is normally a non-static function [-Werror=main]
  453 | int main( int argc, char *argv[] ) {
      |     ^~~~
test.c:511:1: error: expected declaration or statement at end of input
  511 | }
      | ^
At top level:
test.c:453:5: error: ‘main’ defined but not used [-Werror=unused-function]
  453 | int main( int argc, char *argv[] ) {
      |     ^~~~
test.c:217:5: error: ‘insert_test5’ defined but not used [-Werror=unused-function]
  217 | int insert_test5(){ //factor de carga>0.7, se llama a función enlarge
      |     ^~~~~~~~~~~~
test.c:131:6: error: ‘compare_test’ defined but not used [-Werror=unused-function]
  131 | void compare_test(){
      |      ^~~~~~~~~~~~
test.c:125:6: error: ‘hash_test3’ defined but not used [-Werror=unused-function]
  125 | void hash_test3(){ //no random
      |      ^~~~~~~~~~
test.c:111:6: error: ‘hash_test2’ defined but not used [-Werror=unused-function]
  111 | void hash_test2(){ // colisiones
      |      ^~~~~~~~~~
test.c:100:6: error: ‘hash_test1’ defined but not used [-Werror=unused-function]
  100 | void hash_test1(){ // posición válida
      |      ^~~~~~~~~~
cc1: all warnings being treated as errors
Compilation failed
31e3de8
Sat 27 Apr 2024 12:37:50 AM UTC: 
 hashmap.c | 2 +-
 1 file changed, 1 insertion(+), 1 deletion(-)
test.c: In function ‘insertMap’:
test.c:453:5: error: ‘main’ is normally a non-static function [-Werror=main]
  453 | int main( int argc, char *argv[] ) {
      |     ^~~~
test.c:511:1: error: expected declaration or statement at end of input
  511 | }
      | ^
At top level:
test.c:453:5: error: ‘main’ defined but not used [-Werror=unused-function]
  453 | int main( int argc, char *argv[] ) {
      |     ^~~~
test.c:217:5: error: ‘insert_test5’ defined but not used [-Werror=unused-function]
  217 | int insert_test5(){ //factor de carga>0.7, se llama a función enlarge
      |     ^~~~~~~~~~~~
test.c:131:6: error: ‘compare_test’ defined but not used [-Werror=unused-function]
  131 | void compare_test(){
      |      ^~~~~~~~~~~~
test.c:125:6: error: ‘hash_test3’ defined but not used [-Werror=unused-function]
  125 | void hash_test3(){ //no random
      |      ^~~~~~~~~~
test.c:111:6: error: ‘hash_test2’ defined but not used [-Werror=unused-function]
  111 | void hash_test2(){ // colisiones
      |      ^~~~~~~~~~
test.c:100:6: error: ‘hash_test1’ defined but not used [-Werror=unused-function]
  100 | void hash_test1(){ // posición válida
      |      ^~~~~~~~~~
cc1: all warnings being treated as errors
Compilation failed
ccbe3eb
Sat 27 Apr 2024 12:39:16 AM UTC: 
 hashmap.c | 3 ---
 1 file changed, 3 deletions(-)
test.c: In function ‘insertMap’:
test.c:453:5: error: ‘main’ is normally a non-static function [-Werror=main]
  453 | int main( int argc, char *argv[] ) {
      |     ^~~~
test.c:511:1: error: expected declaration or statement at end of input
  511 | }
      | ^
At top level:
test.c:453:5: error: ‘main’ defined but not used [-Werror=unused-function]
  453 | int main( int argc, char *argv[] ) {
      |     ^~~~
test.c:217:5: error: ‘insert_test5’ defined but not used [-Werror=unused-function]
  217 | int insert_test5(){ //factor de carga>0.7, se llama a función enlarge
      |     ^~~~~~~~~~~~
test.c:131:6: error: ‘compare_test’ defined but not used [-Werror=unused-function]
  131 | void compare_test(){
      |      ^~~~~~~~~~~~
test.c:125:6: error: ‘hash_test3’ defined but not used [-Werror=unused-function]
  125 | void hash_test3(){ //no random
      |      ^~~~~~~~~~
test.c:111:6: error: ‘hash_test2’ defined but not used [-Werror=unused-function]
  111 | void hash_test2(){ // colisiones
      |      ^~~~~~~~~~
test.c:100:6: error: ‘hash_test1’ defined but not used [-Werror=unused-function]
  100 | void hash_test1(){ // posición válida
      |      ^~~~~~~~~~
cc1: all warnings being treated as errors
Compilation failed
96a6f33
Sat 27 Apr 2024 12:40:16 AM UTC: 
 hashmap.c | 5 ++++-
 1 file changed, 4 insertions(+), 1 deletion(-)
test.c: In function ‘insertMap’:
test.c:453:5: error: ‘main’ is normally a non-static function [-Werror=main]
  453 | int main( int argc, char *argv[] ) {
      |     ^~~~
test.c:511:1: error: expected declaration or statement at end of input
  511 | }
      | ^
At top level:
test.c:453:5: error: ‘main’ defined but not used [-Werror=unused-function]
  453 | int main( int argc, char *argv[] ) {
      |     ^~~~
test.c:217:5: error: ‘insert_test5’ defined but not used [-Werror=unused-function]
  217 | int insert_test5(){ //factor de carga>0.7, se llama a función enlarge
      |     ^~~~~~~~~~~~
test.c:131:6: error: ‘compare_test’ defined but not used [-Werror=unused-function]
  131 | void compare_test(){
      |      ^~~~~~~~~~~~
test.c:125:6: error: ‘hash_test3’ defined but not used [-Werror=unused-function]
  125 | void hash_test3(){ //no random
      |      ^~~~~~~~~~
test.c:111:6: error: ‘hash_test2’ defined but not used [-Werror=unused-function]
  111 | void hash_test2(){ // colisiones
      |      ^~~~~~~~~~
test.c:100:6: error: ‘hash_test1’ defined but not used [-Werror=unused-function]
  100 | void hash_test1(){ // posición válida
      |      ^~~~~~~~~~
cc1: all warnings being treated as errors
Compilation failed
f636c8e
Sat 27 Apr 2024 12:41:06 AM UTC: 
 hashmap.c | 2 +-
 1 file changed, 1 insertion(+), 1 deletion(-)
In file included from test.c:4:
hashmap.c: In function ‘insertMap’:
hashmap.c:50:24: error: invalid operands to binary == (have ‘Pair’ and ‘void *’)
   50 |   if (mapAux[posicion] == NULL)
      |       ~~~~~~~~~~~~~~~~ ^~
      |             |
      |             Pair
test.c:453:5: error: ‘main’ is normally a non-static function [-Werror=main]
  453 | int main( int argc, char *argv[] ) {
      |     ^~~~
test.c:511:1: error: expected declaration or statement at end of input
  511 | }
      | ^
At top level:
test.c:453:5: error: ‘main’ defined but not used [-Werror=unused-function]
  453 | int main( int argc, char *argv[] ) {
      |     ^~~~
test.c:217:5: error: ‘insert_test5’ defined but not used [-Werror=unused-function]
  217 | int insert_test5(){ //factor de carga>0.7, se llama a función enlarge
      |     ^~~~~~~~~~~~
test.c:131:6: error: ‘compare_test’ defined but not used [-Werror=unused-function]
  131 | void compare_test(){
      |      ^~~~~~~~~~~~
test.c:125:6: error: ‘hash_test3’ defined but not used [-Werror=unused-function]
  125 | void hash_test3(){ //no random
      |      ^~~~~~~~~~
test.c:111:6: error: ‘hash_test2’ defined but not used [-Werror=unused-function]
  111 | void hash_test2(){ // colisiones
      |      ^~~~~~~~~~
test.c:100:6: error: ‘hash_test1’ defined but not used [-Werror=unused-function]
  100 | void hash_test1(){ // posición válida
      |      ^~~~~~~~~~
cc1: all warnings being treated as errors
Compilation failed
3e7ab01
Sat 27 Apr 2024 12:42:30 AM UTC: 
 hashmap.c | 4 ++++
 1 file changed, 4 insertions(+)
In file included from test.c:4:
hashmap.c: In function ‘insertMap’:
hashmap.c:54:24: error: invalid operands to binary == (have ‘Pair’ and ‘void *’)
   54 |   if (mapAux[posicion] == NULL)
      |       ~~~~~~~~~~~~~~~~ ^~
      |             |
      |             Pair
test.c:453:5: error: ‘main’ is normally a non-static function [-Werror=main]
  453 | int main( int argc, char *argv[] ) {
      |     ^~~~
test.c:511:1: error: expected declaration or statement at end of input
  511 | }
      | ^
At top level:
test.c:453:5: error: ‘main’ defined but not used [-Werror=unused-function]
  453 | int main( int argc, char *argv[] ) {
      |     ^~~~
test.c:217:5: error: ‘insert_test5’ defined but not used [-Werror=unused-function]
  217 | int insert_test5(){ //factor de carga>0.7, se llama a función enlarge
      |     ^~~~~~~~~~~~
test.c:131:6: error: ‘compare_test’ defined but not used [-Werror=unused-function]
  131 | void compare_test(){
      |      ^~~~~~~~~~~~
test.c:125:6: error: ‘hash_test3’ defined but not used [-Werror=unused-function]
  125 | void hash_test3(){ //no random
      |      ^~~~~~~~~~
test.c:111:6: error: ‘hash_test2’ defined but not used [-Werror=unused-function]
  111 | void hash_test2(){ // colisiones
      |      ^~~~~~~~~~
test.c:100:6: error: ‘hash_test1’ defined but not used [-Werror=unused-function]
  100 | void hash_test1(){ // posición válida
      |      ^~~~~~~~~~
cc1: all warnings being treated as errors
Compilation failed
bb9e796
Sat 27 Apr 2024 12:42:48 AM UTC: 
 hashmap.c | 2 +-
 1 file changed, 1 insertion(+), 1 deletion(-)
In file included from test.c:4:
hashmap.c: In function ‘insertMap’:
hashmap.c:54:24: error: invalid operands to binary == (have ‘Pair’ and ‘void *’)
   54 |   if (mapAux[posicion] == NULL)
      |       ~~~~~~~~~~~~~~~~ ^~
      |             |
      |             Pair
test.c:453:5: error: ‘main’ is normally a non-static function [-Werror=main]
  453 | int main( int argc, char *argv[] ) {
      |     ^~~~
test.c:511:1: error: expected declaration or statement at end of input
  511 | }
      | ^
At top level:
test.c:453:5: error: ‘main’ defined but not used [-Werror=unused-function]
  453 | int main( int argc, char *argv[] ) {
      |     ^~~~
test.c:217:5: error: ‘insert_test5’ defined but not used [-Werror=unused-function]
  217 | int insert_test5(){ //factor de carga>0.7, se llama a función enlarge
      |     ^~~~~~~~~~~~
test.c:131:6: error: ‘compare_test’ defined but not used [-Werror=unused-function]
  131 | void compare_test(){
      |      ^~~~~~~~~~~~
test.c:125:6: error: ‘hash_test3’ defined but not used [-Werror=unused-function]
  125 | void hash_test3(){ //no random
      |      ^~~~~~~~~~
test.c:111:6: error: ‘hash_test2’ defined but not used [-Werror=unused-function]
  111 | void hash_test2(){ // colisiones
      |      ^~~~~~~~~~
test.c:100:6: error: ‘hash_test1’ defined but not used [-Werror=unused-function]
  100 | void hash_test1(){ // posición válida
      |      ^~~~~~~~~~
cc1: all warnings being treated as errors
Compilation failed
a6b3e91
Sat 27 Apr 2024 12:43:01 AM UTC: 
 hashmap.c | 2 +-
 1 file changed, 1 insertion(+), 1 deletion(-)
In file included from test.c:4:
hashmap.c: In function ‘insertMap’:
hashmap.c:54:24: error: invalid operands to binary == (have ‘Pair’ and ‘void *’)
   54 |   if (mapAux[posicion] == NULL)
      |       ~~~~~~~~~~~~~~~~ ^~
      |             |
      |             Pair
test.c:453:5: error: ‘main’ is normally a non-static function [-Werror=main]
  453 | int main( int argc, char *argv[] ) {
      |     ^~~~
test.c:511:1: error: expected declaration or statement at end of input
  511 | }
      | ^
At top level:
test.c:453:5: error: ‘main’ defined but not used [-Werror=unused-function]
  453 | int main( int argc, char *argv[] ) {
      |     ^~~~
test.c:217:5: error: ‘insert_test5’ defined but not used [-Werror=unused-function]
  217 | int insert_test5(){ //factor de carga>0.7, se llama a función enlarge
      |     ^~~~~~~~~~~~
test.c:131:6: error: ‘compare_test’ defined but not used [-Werror=unused-function]
  131 | void compare_test(){
      |      ^~~~~~~~~~~~
test.c:125:6: error: ‘hash_test3’ defined but not used [-Werror=unused-function]
  125 | void hash_test3(){ //no random
      |      ^~~~~~~~~~
test.c:111:6: error: ‘hash_test2’ defined but not used [-Werror=unused-function]
  111 | void hash_test2(){ // colisiones
      |      ^~~~~~~~~~
test.c:100:6: error: ‘hash_test1’ defined but not used [-Werror=unused-function]
  100 | void hash_test1(){ // posición válida
      |      ^~~~~~~~~~
cc1: all warnings being treated as errors
Compilation failed
e1c24d6
Sat 27 Apr 2024 12:43:52 AM UTC: 
 hashmap.c | 2 +-
 1 file changed, 1 insertion(+), 1 deletion(-)
In file included from test.c:4:
hashmap.c: In function ‘insertMap’:
hashmap.c:54:24: error: invalid operands to binary == (have ‘Pair’ and ‘void *’)
   54 |   if (mapAux[posicion] == NULL)
      |       ~~~~~~~~~~~~~~~~ ^~
      |             |
      |             Pair
test.c:453:5: error: ‘main’ is normally a non-static function [-Werror=main]
  453 | int main( int argc, char *argv[] ) {
      |     ^~~~
test.c:511:1: error: expected declaration or statement at end of input
  511 | }
      | ^
At top level:
test.c:453:5: error: ‘main’ defined but not used [-Werror=unused-function]
  453 | int main( int argc, char *argv[] ) {
      |     ^~~~
test.c:217:5: error: ‘insert_test5’ defined but not used [-Werror=unused-function]
  217 | int insert_test5(){ //factor de carga>0.7, se llama a función enlarge
      |     ^~~~~~~~~~~~
test.c:131:6: error: ‘compare_test’ defined but not used [-Werror=unused-function]
  131 | void compare_test(){
      |      ^~~~~~~~~~~~
test.c:125:6: error: ‘hash_test3’ defined but not used [-Werror=unused-function]
  125 | void hash_test3(){ //no random
      |      ^~~~~~~~~~
test.c:111:6: error: ‘hash_test2’ defined but not used [-Werror=unused-function]
  111 | void hash_test2(){ // colisiones
      |      ^~~~~~~~~~
test.c:100:6: error: ‘hash_test1’ defined but not used [-Werror=unused-function]
  100 | void hash_test1(){ // posición válida
      |      ^~~~~~~~~~
cc1: all warnings being treated as errors
Compilation failed
ee25a87
Sat 27 Apr 2024 12:45:27 AM UTC: 
 hashmap.c | 4 ++++
 1 file changed, 4 insertions(+)
In file included from test.c:4:
hashmap.c: In function ‘insertMap’:
hashmap.c:58:24: error: invalid operands to binary == (have ‘Pair’ and ‘void *’)
   58 |   if (mapAux[posicion] == NULL)
      |       ~~~~~~~~~~~~~~~~ ^~
      |             |
      |             Pair
test.c:453:5: error: ‘main’ is normally a non-static function [-Werror=main]
  453 | int main( int argc, char *argv[] ) {
      |     ^~~~
test.c:511:1: error: expected declaration or statement at end of input
  511 | }
      | ^
At top level:
test.c:453:5: error: ‘main’ defined but not used [-Werror=unused-function]
  453 | int main( int argc, char *argv[] ) {
      |     ^~~~
test.c:217:5: error: ‘insert_test5’ defined but not used [-Werror=unused-function]
  217 | int insert_test5(){ //factor de carga>0.7, se llama a función enlarge
      |     ^~~~~~~~~~~~
test.c:131:6: error: ‘compare_test’ defined but not used [-Werror=unused-function]
  131 | void compare_test(){
      |      ^~~~~~~~~~~~
test.c:125:6: error: ‘hash_test3’ defined but not used [-Werror=unused-function]
  125 | void hash_test3(){ //no random
      |      ^~~~~~~~~~
test.c:111:6: error: ‘hash_test2’ defined but not used [-Werror=unused-function]
  111 | void hash_test2(){ // colisiones
      |      ^~~~~~~~~~
test.c:100:6: error: ‘hash_test1’ defined but not used [-Werror=unused-function]
  100 | void hash_test1(){ // posición válida
      |      ^~~~~~~~~~
cc1: all warnings being treated as errors
Compilation failed
810719f
Sat 27 Apr 2024 12:45:56 AM UTC: 
 hashmap.c | 2 +-
 1 file changed, 1 insertion(+), 1 deletion(-)
In file included from test.c:4:
hashmap.c: In function ‘insertMap’:
hashmap.c:58:24: error: invalid operands to binary == (have ‘Pair’ and ‘void *’)
   58 |   if (mapAux[posicion] == NULL)
      |       ~~~~~~~~~~~~~~~~ ^~
      |             |
      |             Pair
test.c:453:5: error: ‘main’ is normally a non-static function [-Werror=main]
  453 | int main( int argc, char *argv[] ) {
      |     ^~~~
test.c:511:1: error: expected declaration or statement at end of input
  511 | }
      | ^
At top level:
test.c:453:5: error: ‘main’ defined but not used [-Werror=unused-function]
  453 | int main( int argc, char *argv[] ) {
      |     ^~~~
test.c:217:5: error: ‘insert_test5’ defined but not used [-Werror=unused-function]
  217 | int insert_test5(){ //factor de carga>0.7, se llama a función enlarge
      |     ^~~~~~~~~~~~
test.c:131:6: error: ‘compare_test’ defined but not used [-Werror=unused-function]
  131 | void compare_test(){
      |      ^~~~~~~~~~~~
test.c:125:6: error: ‘hash_test3’ defined but not used [-Werror=unused-function]
  125 | void hash_test3(){ //no random
      |      ^~~~~~~~~~
test.c:111:6: error: ‘hash_test2’ defined but not used [-Werror=unused-function]
  111 | void hash_test2(){ // colisiones
      |      ^~~~~~~~~~
test.c:100:6: error: ‘hash_test1’ defined but not used [-Werror=unused-function]
  100 | void hash_test1(){ // posición válida
      |      ^~~~~~~~~~
cc1: all warnings being treated as errors
Compilation failed
1ac8032
Sat 27 Apr 2024 12:49:03 AM UTC: 
 hashmap.c | 2 +-
 1 file changed, 1 insertion(+), 1 deletion(-)
test.c: In function ‘insertMap’:
test.c:453:5: error: ‘main’ is normally a non-static function [-Werror=main]
  453 | int main( int argc, char *argv[] ) {
      |     ^~~~
test.c:511:1: error: expected declaration or statement at end of input
  511 | }
      | ^
At top level:
test.c:453:5: error: ‘main’ defined but not used [-Werror=unused-function]
  453 | int main( int argc, char *argv[] ) {
      |     ^~~~
test.c:217:5: error: ‘insert_test5’ defined but not used [-Werror=unused-function]
  217 | int insert_test5(){ //factor de carga>0.7, se llama a función enlarge
      |     ^~~~~~~~~~~~
test.c:131:6: error: ‘compare_test’ defined but not used [-Werror=unused-function]
  131 | void compare_test(){
      |      ^~~~~~~~~~~~
test.c:125:6: error: ‘hash_test3’ defined but not used [-Werror=unused-function]
  125 | void hash_test3(){ //no random
      |      ^~~~~~~~~~
test.c:111:6: error: ‘hash_test2’ defined but not used [-Werror=unused-function]
  111 | void hash_test2(){ // colisiones
      |      ^~~~~~~~~~
test.c:100:6: error: ‘hash_test1’ defined but not used [-Werror=unused-function]
  100 | void hash_test1(){ // posición válida
      |      ^~~~~~~~~~
cc1: all warnings being treated as errors
Compilation failed
ab7a75e
Sat 27 Apr 2024 12:49:38 AM UTC: 
 hashmap.c | 1 +
 1 file changed, 1 insertion(+)
test.c: In function ‘insertMap’:
test.c:453:5: error: ‘main’ is normally a non-static function [-Werror=main]
  453 | int main( int argc, char *argv[] ) {
      |     ^~~~
test.c:511:1: error: expected declaration or statement at end of input
  511 | }
      | ^
At top level:
test.c:453:5: error: ‘main’ defined but not used [-Werror=unused-function]
  453 | int main( int argc, char *argv[] ) {
      |     ^~~~
test.c:217:5: error: ‘insert_test5’ defined but not used [-Werror=unused-function]
  217 | int insert_test5(){ //factor de carga>0.7, se llama a función enlarge
      |     ^~~~~~~~~~~~
test.c:131:6: error: ‘compare_test’ defined but not used [-Werror=unused-function]
  131 | void compare_test(){
      |      ^~~~~~~~~~~~
test.c:125:6: error: ‘hash_test3’ defined but not used [-Werror=unused-function]
  125 | void hash_test3(){ //no random
      |      ^~~~~~~~~~
test.c:111:6: error: ‘hash_test2’ defined but not used [-Werror=unused-function]
  111 | void hash_test2(){ // colisiones
      |      ^~~~~~~~~~
test.c:100:6: error: ‘hash_test1’ defined but not used [-Werror=unused-function]
  100 | void hash_test1(){ // posición válida
      |      ^~~~~~~~~~
cc1: all warnings being treated as errors
Compilation failed
565ec33
Sat 27 Apr 2024 12:50:41 AM UTC: 
 hashmap.c | 6 +++---
 1 file changed, 3 insertions(+), 3 deletions(-)
test.c: In function ‘insertMap’:
test.c:453:5: error: ‘main’ is normally a non-static function [-Werror=main]
  453 | int main( int argc, char *argv[] ) {
      |     ^~~~
test.c:511:1: error: expected declaration or statement at end of input
  511 | }
      | ^
At top level:
test.c:453:5: error: ‘main’ defined but not used [-Werror=unused-function]
  453 | int main( int argc, char *argv[] ) {
      |     ^~~~
test.c:217:5: error: ‘insert_test5’ defined but not used [-Werror=unused-function]
  217 | int insert_test5(){ //factor de carga>0.7, se llama a función enlarge
      |     ^~~~~~~~~~~~
test.c:131:6: error: ‘compare_test’ defined but not used [-Werror=unused-function]
  131 | void compare_test(){
      |      ^~~~~~~~~~~~
test.c:125:6: error: ‘hash_test3’ defined but not used [-Werror=unused-function]
  125 | void hash_test3(){ //no random
      |      ^~~~~~~~~~
test.c:111:6: error: ‘hash_test2’ defined but not used [-Werror=unused-function]
  111 | void hash_test2(){ // colisiones
      |      ^~~~~~~~~~
test.c:100:6: error: ‘hash_test1’ defined but not used [-Werror=unused-function]
  100 | void hash_test1(){ // posición válida
      |      ^~~~~~~~~~
cc1: all warnings being treated as errors
Compilation failed
8abbea9
Sat 27 Apr 2024 03:04:12 PM UTC: 
 hashmap.c | 4 ----
 1 file changed, 4 deletions(-)
test.c: In function ‘insertMap’:
test.c:453:5: error: ‘main’ is normally a non-static function [-Werror=main]
  453 | int main( int argc, char *argv[] ) {
      |     ^~~~
test.c:511:1: error: expected declaration or statement at end of input
  511 | }
      | ^
At top level:
test.c:453:5: error: ‘main’ defined but not used [-Werror=unused-function]
  453 | int main( int argc, char *argv[] ) {
      |     ^~~~
test.c:217:5: error: ‘insert_test5’ defined but not used [-Werror=unused-function]
  217 | int insert_test5(){ //factor de carga>0.7, se llama a función enlarge
      |     ^~~~~~~~~~~~
test.c:131:6: error: ‘compare_test’ defined but not used [-Werror=unused-function]
  131 | void compare_test(){
      |      ^~~~~~~~~~~~
test.c:125:6: error: ‘hash_test3’ defined but not used [-Werror=unused-function]
  125 | void hash_test3(){ //no random
      |      ^~~~~~~~~~
test.c:111:6: error: ‘hash_test2’ defined but not used [-Werror=unused-function]
  111 | void hash_test2(){ // colisiones
      |      ^~~~~~~~~~
test.c:100:6: error: ‘hash_test1’ defined but not used [-Werror=unused-function]
  100 | void hash_test1(){ // posición válida
      |      ^~~~~~~~~~
cc1: all warnings being treated as errors
Compilation failed
51be72e
Sat 27 Apr 2024 03:04:45 PM UTC: 
 hashmap.c | 4 ++++
 1 file changed, 4 insertions(+)
test.c: In function ‘insertMap’:
test.c:453:5: error: ‘main’ is normally a non-static function [-Werror=main]
  453 | int main( int argc, char *argv[] ) {
      |     ^~~~
test.c:511:1: error: expected declaration or statement at end of input
  511 | }
      | ^
At top level:
test.c:453:5: error: ‘main’ defined but not used [-Werror=unused-function]
  453 | int main( int argc, char *argv[] ) {
      |     ^~~~
test.c:217:5: error: ‘insert_test5’ defined but not used [-Werror=unused-function]
  217 | int insert_test5(){ //factor de carga>0.7, se llama a función enlarge
      |     ^~~~~~~~~~~~
test.c:131:6: error: ‘compare_test’ defined but not used [-Werror=unused-function]
  131 | void compare_test(){
      |      ^~~~~~~~~~~~
test.c:125:6: error: ‘hash_test3’ defined but not used [-Werror=unused-function]
  125 | void hash_test3(){ //no random
      |      ^~~~~~~~~~
test.c:111:6: error: ‘hash_test2’ defined but not used [-Werror=unused-function]
  111 | void hash_test2(){ // colisiones
      |      ^~~~~~~~~~
test.c:100:6: error: ‘hash_test1’ defined but not used [-Werror=unused-function]
  100 | void hash_test1(){ // posición válida
      |      ^~~~~~~~~~
cc1: all warnings being treated as errors
Compilation failed
4532ad2
Sat 27 Apr 2024 03:14:45 PM UTC: 
 hashmap.c | 10 +++++-----
 1 file changed, 5 insertions(+), 5 deletions(-)
test.c: In function ‘insertMap’:
test.c:453:5: error: ‘main’ is normally a non-static function [-Werror=main]
  453 | int main( int argc, char *argv[] ) {
      |     ^~~~
test.c:511:1: error: expected declaration or statement at end of input
  511 | }
      | ^
At top level:
test.c:453:5: error: ‘main’ defined but not used [-Werror=unused-function]
  453 | int main( int argc, char *argv[] ) {
      |     ^~~~
test.c:217:5: error: ‘insert_test5’ defined but not used [-Werror=unused-function]
  217 | int insert_test5(){ //factor de carga>0.7, se llama a función enlarge
      |     ^~~~~~~~~~~~
test.c:131:6: error: ‘compare_test’ defined but not used [-Werror=unused-function]
  131 | void compare_test(){
      |      ^~~~~~~~~~~~
test.c:125:6: error: ‘hash_test3’ defined but not used [-Werror=unused-function]
  125 | void hash_test3(){ //no random
      |      ^~~~~~~~~~
test.c:111:6: error: ‘hash_test2’ defined but not used [-Werror=unused-function]
  111 | void hash_test2(){ // colisiones
      |      ^~~~~~~~~~
test.c:100:6: error: ‘hash_test1’ defined but not used [-Werror=unused-function]
  100 | void hash_test1(){ // posición válida
      |      ^~~~~~~~~~
cc1: all warnings being treated as errors
Compilation failed
4055d6d
Sat 27 Apr 2024 03:36:08 PM UTC: 
 hashmap.c | 21 +++++++++++++++++++++
 1 file changed, 21 insertions(+)
In file included from test.c:4:
hashmap.c: In function ‘searchMap’:
hashmap.c:132:3: error: expected ‘,’ or ‘;’ before ‘if’
  132 |   if (strcmp(map->buckets[posicion].key,key) == 0)
      |   ^~
hashmap.c:136:3: error: ‘else’ without a previous ‘if’
  136 |   else
      |   ^~~~
hashmap.c:138:18: error: initialization of ‘int’ from ‘Pair *’ makes integer from pointer without a cast [-Werror=int-conversion]
  138 |     for (int i = map->buckets[posicion] + 1 ; i < map->capacity ; i++)
      |                  ^~~
hashmap.c:140:32: error: passing argument 1 of ‘strcmp’ from incompatible pointer type [-Werror=incompatible-pointer-types]
  140 |         if (strcmp(map->buckets[i],key) == 0)
      |                    ~~~~~~~~~~~~^~~
      |                                |
      |                                Pair *
In file included from test.c:3:
/nix/store/4pqv2mwdn88h7xvsm7a5zplrd8sxzvw0-glibc-2.35-163-dev/include/string.h:156:32: note: expected ‘const char *’ but argument is of type ‘Pair *’
  156 | extern int strcmp (const char *__s1, const char *__s2)
      |                    ~~~~~~~~~~~~^~~~
In file included from test.c:4:
hashmap.c:145:7: error: expected ‘;’ before ‘}’ token
  145 |       }
      |       ^
test.c: In function ‘insertMap’:
test.c:453:5: error: ‘main’ is normally a non-static function [-Werror=main]
  453 | int main( int argc, char *argv[] ) {
      |     ^~~~
test.c:511:1: error: expected declaration or statement at end of input
  511 | }
      | ^
At top level:
test.c:453:5: error: ‘main’ defined but not used [-Werror=unused-function]
  453 | int main( int argc, char *argv[] ) {
      |     ^~~~
test.c:217:5: error: ‘insert_test5’ defined but not used [-Werror=unused-function]
  217 | int insert_test5(){ //factor de carga>0.7, se llama a función enlarge
      |     ^~~~~~~~~~~~
test.c:131:6: error: ‘compare_test’ defined but not used [-Werror=unused-function]
  131 | void compare_test(){
      |      ^~~~~~~~~~~~
test.c:125:6: error: ‘hash_test3’ defined but not used [-Werror=unused-function]
  125 | void hash_test3(){ //no random
      |      ^~~~~~~~~~
test.c:111:6: error: ‘hash_test2’ defined but not used [-Werror=unused-function]
  111 | void hash_test2(){ // colisiones
      |      ^~~~~~~~~~
test.c:100:6: error: ‘hash_test1’ defined but not used [-Werror=unused-function]
  100 | void hash_test1(){ // posición válida
      |      ^~~~~~~~~~
cc1: all warnings being treated as errors
Compilation failed
3035ef2
Sat 27 Apr 2024 03:36:40 PM UTC: 
 hashmap.c | 3 +--
 1 file changed, 1 insertion(+), 2 deletions(-)
In file included from test.c:4:
hashmap.c: In function ‘searchMap’:
hashmap.c:132:3: error: expected ‘,’ or ‘;’ before ‘if’
  132 |   if (strcmp(map->buckets[posicion].key,key) == 0)
      |   ^~
hashmap.c:136:3: error: ‘else’ without a previous ‘if’
  136 |   else
      |   ^~~~
hashmap.c:138:18: error: initialization of ‘int’ from ‘Pair *’ makes integer from pointer without a cast [-Werror=int-conversion]
  138 |     for (int i = map->buckets[posicion] + 1 ; i < map->capacity ; i++)
      |                  ^~~
hashmap.c:140:32: error: passing argument 1 of ‘strcmp’ from incompatible pointer type [-Werror=incompatible-pointer-types]
  140 |         if (strcmp(map->buckets[i],key) == 0)
      |                    ~~~~~~~~~~~~^~~
      |                                |
      |                                Pair *
In file included from test.c:3:
/nix/store/4pqv2mwdn88h7xvsm7a5zplrd8sxzvw0-glibc-2.35-163-dev/include/string.h:156:32: note: expected ‘const char *’ but argument is of type ‘Pair *’
  156 | extern int strcmp (const char *__s1, const char *__s2)
      |                    ~~~~~~~~~~~~^~~~
test.c: In function ‘insertMap’:
test.c:453:5: error: ‘main’ is normally a non-static function [-Werror=main]
  453 | int main( int argc, char *argv[] ) {
      |     ^~~~
test.c:511:1: error: expected declaration or statement at end of input
  511 | }
      | ^
At top level:
test.c:453:5: error: ‘main’ defined but not used [-Werror=unused-function]
  453 | int main( int argc, char *argv[] ) {
      |     ^~~~
test.c:217:5: error: ‘insert_test5’ defined but not used [-Werror=unused-function]
  217 | int insert_test5(){ //factor de carga>0.7, se llama a función enlarge
      |     ^~~~~~~~~~~~
test.c:131:6: error: ‘compare_test’ defined but not used [-Werror=unused-function]
  131 | void compare_test(){
      |      ^~~~~~~~~~~~
test.c:125:6: error: ‘hash_test3’ defined but not used [-Werror=unused-function]
  125 | void hash_test3(){ //no random
      |      ^~~~~~~~~~
test.c:111:6: error: ‘hash_test2’ defined but not used [-Werror=unused-function]
  111 | void hash_test2(){ // colisiones
      |      ^~~~~~~~~~
test.c:100:6: error: ‘hash_test1’ defined but not used [-Werror=unused-function]
  100 | void hash_test1(){ // posición válida
      |      ^~~~~~~~~~
cc1: all warnings being treated as errors
Compilation failed
810b447
Sat 27 Apr 2024 03:37:47 PM UTC: 
 hashmap.c | 2 +-
 1 file changed, 1 insertion(+), 1 deletion(-)
In file included from test.c:4:
hashmap.c: In function ‘searchMap’:
hashmap.c:132:3: error: expected ‘,’ or ‘;’ before ‘if’
  132 |   if (strcmp(map->buckets[posicion].key,key) == 0)
      |   ^~
hashmap.c:136:3: error: ‘else’ without a previous ‘if’
  136 |   else
      |   ^~~~
hashmap.c:138:18: error: initialization of ‘int’ from ‘Pair *’ makes integer from pointer without a cast [-Werror=int-conversion]
  138 |     for (int i = map->buckets[posicion] + 1 ; i < map->capacity ; i++)
      |                  ^~~
hashmap.c:140:35: error: ‘*(map->buckets + (sizetype)((long unsigned int)i * 8))’ is a pointer; did you mean to use ‘->’?
  140 |         if (strcmp(map->buckets[i].key,key) == 0)
      |                                   ^
      |                                   ->
test.c: In function ‘insertMap’:
test.c:453:5: error: ‘main’ is normally a non-static function [-Werror=main]
  453 | int main( int argc, char *argv[] ) {
      |     ^~~~
test.c:511:1: error: expected declaration or statement at end of input
  511 | }
      | ^
At top level:
test.c:453:5: error: ‘main’ defined but not used [-Werror=unused-function]
  453 | int main( int argc, char *argv[] ) {
      |     ^~~~
test.c:217:5: error: ‘insert_test5’ defined but not used [-Werror=unused-function]
  217 | int insert_test5(){ //factor de carga>0.7, se llama a función enlarge
      |     ^~~~~~~~~~~~
test.c:131:6: error: ‘compare_test’ defined but not used [-Werror=unused-function]
  131 | void compare_test(){
      |      ^~~~~~~~~~~~
test.c:125:6: error: ‘hash_test3’ defined but not used [-Werror=unused-function]
  125 | void hash_test3(){ //no random
      |      ^~~~~~~~~~
test.c:111:6: error: ‘hash_test2’ defined but not used [-Werror=unused-function]
  111 | void hash_test2(){ // colisiones
      |      ^~~~~~~~~~
test.c:100:6: error: ‘hash_test1’ defined but not used [-Werror=unused-function]
  100 | void hash_test1(){ // posición válida
      |      ^~~~~~~~~~
cc1: all warnings being treated as errors
Compilation failed
e4c36f0
Sat 27 Apr 2024 03:40:49 PM UTC: 
 hashmap.c | 7 ++++---
 1 file changed, 4 insertions(+), 3 deletions(-)
In file included from test.c:4:
hashmap.c: In function ‘searchMap’:
hashmap.c:132:3: error: expected ‘,’ or ‘;’ before ‘if’
  132 |   if (strcmp(map->buckets[posicion].key,key) == 0)
      |   ^~
hashmap.c:136:3: error: ‘else’ without a previous ‘if’
  136 |   else
      |   ^~~~
hashmap.c:138:18: error: initialization of ‘int’ from ‘Pair *’ makes integer from pointer without a cast [-Werror=int-conversion]
  138 |     for (int i = map->buckets[posicion] ; i < map->capacity ; i++)
      |                  ^~~
hashmap.c:141:35: error: ‘*(map->buckets + (sizetype)((long unsigned int)i * 8))’ is a pointer; did you mean to use ‘->’?
  141 |             strcmp(map->buckets[i].key,key) == 0)
      |                                   ^
      |                                   ->
test.c: In function ‘insertMap’:
test.c:453:5: error: ‘main’ is normally a non-static function [-Werror=main]
  453 | int main( int argc, char *argv[] ) {
      |     ^~~~
test.c:511:1: error: expected declaration or statement at end of input
  511 | }
      | ^
At top level:
test.c:453:5: error: ‘main’ defined but not used [-Werror=unused-function]
  453 | int main( int argc, char *argv[] ) {
      |     ^~~~
test.c:217:5: error: ‘insert_test5’ defined but not used [-Werror=unused-function]
  217 | int insert_test5(){ //factor de carga>0.7, se llama a función enlarge
      |     ^~~~~~~~~~~~
test.c:131:6: error: ‘compare_test’ defined but not used [-Werror=unused-function]
  131 | void compare_test(){
      |      ^~~~~~~~~~~~
test.c:125:6: error: ‘hash_test3’ defined but not used [-Werror=unused-function]
  125 | void hash_test3(){ //no random
      |      ^~~~~~~~~~
test.c:111:6: error: ‘hash_test2’ defined but not used [-Werror=unused-function]
  111 | void hash_test2(){ // colisiones
      |      ^~~~~~~~~~
test.c:100:6: error: ‘hash_test1’ defined but not used [-Werror=unused-function]
  100 | void hash_test1(){ // posición válida
      |      ^~~~~~~~~~
cc1: all warnings being treated as errors
Compilation failed
8e5441e
Sat 27 Apr 2024 03:43:07 PM UTC: 
 hashmap.c | 2 +-
 1 file changed, 1 insertion(+), 1 deletion(-)
In file included from test.c:4:
hashmap.c: In function ‘searchMap’:
hashmap.c:132:3: error: expected ‘,’ or ‘;’ before ‘if’
  132 |   if (strcmp(map->buckets[posicion].key,key) == 0)
      |   ^~
hashmap.c:136:3: error: ‘else’ without a previous ‘if’
  136 |   else
      |   ^~~~
hashmap.c:138:19: error: initialization of ‘long int’ from ‘Pair *’ makes integer from pointer without a cast [-Werror=int-conversion]
  138 |     for (long i = map->buckets[posicion] ; i < map->capacity ; i++)
      |                   ^~~
hashmap.c:141:35: error: ‘*(map->buckets + (sizetype)((long unsigned int)i * 8))’ is a pointer; did you mean to use ‘->’?
  141 |             strcmp(map->buckets[i].key,key) == 0)
      |                                   ^
      |                                   ->
test.c: In function ‘insertMap’:
test.c:453:5: error: ‘main’ is normally a non-static function [-Werror=main]
  453 | int main( int argc, char *argv[] ) {
      |     ^~~~
test.c:511:1: error: expected declaration or statement at end of input
  511 | }
      | ^
At top level:
test.c:453:5: error: ‘main’ defined but not used [-Werror=unused-function]
  453 | int main( int argc, char *argv[] ) {
      |     ^~~~
test.c:217:5: error: ‘insert_test5’ defined but not used [-Werror=unused-function]
  217 | int insert_test5(){ //factor de carga>0.7, se llama a función enlarge
      |     ^~~~~~~~~~~~
test.c:131:6: error: ‘compare_test’ defined but not used [-Werror=unused-function]
  131 | void compare_test(){
      |      ^~~~~~~~~~~~
test.c:125:6: error: ‘hash_test3’ defined but not used [-Werror=unused-function]
  125 | void hash_test3(){ //no random
      |      ^~~~~~~~~~
test.c:111:6: error: ‘hash_test2’ defined but not used [-Werror=unused-function]
  111 | void hash_test2(){ // colisiones
      |      ^~~~~~~~~~
test.c:100:6: error: ‘hash_test1’ defined but not used [-Werror=unused-function]
  100 | void hash_test1(){ // posición válida
      |      ^~~~~~~~~~
cc1: all warnings being treated as errors
Compilation failed
6621424
Sat 27 Apr 2024 03:48:18 PM UTC: 
 hashmap.c | 14 +++++++++++++-
 1 file changed, 13 insertions(+), 1 deletion(-)
In file included from test.c:4:
hashmap.c: In function ‘searchMap’:
hashmap.c:132:3: error: expected ‘,’ or ‘;’ before ‘if’
  132 |   if (strcmp(map->buckets[posicion].key,key) == 0)
      |   ^~
hashmap.c:137:3: error: ‘else’ without a previous ‘if’
  137 |   else
      |   ^~~~
hashmap.c:139:19: error: initialization of ‘long int’ from ‘Pair *’ makes integer from pointer without a cast [-Werror=int-conversion]
  139 |     for (long i = map->buckets[posicion] +1 ; i < map->capacity ; i++)
      |                   ^~~
hashmap.c:142:35: error: ‘*(map->buckets + (sizetype)((long unsigned int)i * 8))’ is a pointer; did you mean to use ‘->’?
  142 |             strcmp(map->buckets[i].key,key) == 0)
      |                                   ^
      |                                   ->
hashmap.c:151:26: error: ‘i’ undeclared (first use in this function)
  151 |         if (map->buckets[i] != NULL &&
      |                          ^
hashmap.c:151:26: note: each undeclared identifier is reported only once for each function it appears in
test.c: In function ‘insertMap’:
test.c:453:5: error: ‘main’ is normally a non-static function [-Werror=main]
  453 | int main( int argc, char *argv[] ) {
      |     ^~~~
test.c:511:1: error: expected declaration or statement at end of input
  511 | }
      | ^
At top level:
test.c:453:5: error: ‘main’ defined but not used [-Werror=unused-function]
  453 | int main( int argc, char *argv[] ) {
      |     ^~~~
test.c:217:5: error: ‘insert_test5’ defined but not used [-Werror=unused-function]
  217 | int insert_test5(){ //factor de carga>0.7, se llama a función enlarge
      |     ^~~~~~~~~~~~
test.c:131:6: error: ‘compare_test’ defined but not used [-Werror=unused-function]
  131 | void compare_test(){
      |      ^~~~~~~~~~~~
test.c:125:6: error: ‘hash_test3’ defined but not used [-Werror=unused-function]
  125 | void hash_test3(){ //no random
      |      ^~~~~~~~~~
test.c:111:6: error: ‘hash_test2’ defined but not used [-Werror=unused-function]
  111 | void hash_test2(){ // colisiones
      |      ^~~~~~~~~~
test.c:100:6: error: ‘hash_test1’ defined but not used [-Werror=unused-function]
  100 | void hash_test1(){ // posición válida
      |      ^~~~~~~~~~
cc1: all warnings being treated as errors
Compilation failed
9be0b27
Sat 27 Apr 2024 03:48:50 PM UTC: 
 hashmap.c | 6 +++---
 1 file changed, 3 insertions(+), 3 deletions(-)
In file included from test.c:4:
hashmap.c: In function ‘searchMap’:
hashmap.c:132:3: error: expected ‘,’ or ‘;’ before ‘if’
  132 |   if (strcmp(map->buckets[posicion].key,key) == 0)
      |   ^~
hashmap.c:137:3: error: ‘else’ without a previous ‘if’
  137 |   else
      |   ^~~~
hashmap.c:139:19: error: initialization of ‘long int’ from ‘Pair *’ makes integer from pointer without a cast [-Werror=int-conversion]
  139 |     for (long i = map->buckets[posicion] +1 ; i < map->capacity ; i++)
      |                   ^~~
hashmap.c:142:35: error: ‘*(map->buckets + (sizetype)((long unsigned int)i * 8))’ is a pointer; did you mean to use ‘->’?
  142 |             strcmp(map->buckets[i].key,key) == 0)
      |                                   ^
      |                                   ->
hashmap.c:152:35: error: ‘*(map->buckets + (sizetype)((long unsigned int)j * 8))’ is a pointer; did you mean to use ‘->’?
  152 |             strcmp(map->buckets[j].key,key) == 0)
      |                                   ^
      |                                   ->
test.c: In function ‘insertMap’:
test.c:453:5: error: ‘main’ is normally a non-static function [-Werror=main]
  453 | int main( int argc, char *argv[] ) {
      |     ^~~~
test.c:511:1: error: expected declaration or statement at end of input
  511 | }
      | ^
At top level:
test.c:453:5: error: ‘main’ defined but not used [-Werror=unused-function]
  453 | int main( int argc, char *argv[] ) {
      |     ^~~~
test.c:217:5: error: ‘insert_test5’ defined but not used [-Werror=unused-function]
  217 | int insert_test5(){ //factor de carga>0.7, se llama a función enlarge
      |     ^~~~~~~~~~~~
test.c:131:6: error: ‘compare_test’ defined but not used [-Werror=unused-function]
  131 | void compare_test(){
      |      ^~~~~~~~~~~~
test.c:125:6: error: ‘hash_test3’ defined but not used [-Werror=unused-function]
  125 | void hash_test3(){ //no random
      |      ^~~~~~~~~~
test.c:111:6: error: ‘hash_test2’ defined but not used [-Werror=unused-function]
  111 | void hash_test2(){ // colisiones
      |      ^~~~~~~~~~
test.c:100:6: error: ‘hash_test1’ defined but not used [-Werror=unused-function]
  100 | void hash_test1(){ // posición válida
      |      ^~~~~~~~~~
cc1: all warnings being treated as errors
Compilation failed
c34d756
Sat 27 Apr 2024 03:50:44 PM UTC: 
 hashmap.c | 2 +-
 1 file changed, 1 insertion(+), 1 deletion(-)
In file included from test.c:4:
hashmap.c: In function ‘searchMap’:
hashmap.c:132:3: error: expected ‘,’ or ‘;’ before ‘if’
  132 |   if (strcmp(map->buckets[posicion].key,key) == 0)
      |   ^~
hashmap.c:137:3: error: ‘else’ without a previous ‘if’
  137 |   else
      |   ^~~~
hashmap.c:142:35: error: ‘*(map->buckets + (sizetype)((long unsigned int)i * 8))’ is a pointer; did you mean to use ‘->’?
  142 |             strcmp(map->buckets[i].key,key) == 0)
      |                                   ^
      |                                   ->
hashmap.c:152:35: error: ‘*(map->buckets + (sizetype)((long unsigned int)j * 8))’ is a pointer; did you mean to use ‘->’?
  152 |             strcmp(map->buckets[j].key,key) == 0)
      |                                   ^
      |                                   ->
test.c: In function ‘insertMap’:
test.c:453:5: error: ‘main’ is normally a non-static function [-Werror=main]
  453 | int main( int argc, char *argv[] ) {
      |     ^~~~
test.c:511:1: error: expected declaration or statement at end of input
  511 | }
      | ^
At top level:
test.c:453:5: error: ‘main’ defined but not used [-Werror=unused-function]
  453 | int main( int argc, char *argv[] ) {
      |     ^~~~
test.c:217:5: error: ‘insert_test5’ defined but not used [-Werror=unused-function]
  217 | int insert_test5(){ //factor de carga>0.7, se llama a función enlarge
      |     ^~~~~~~~~~~~
test.c:131:6: error: ‘compare_test’ defined but not used [-Werror=unused-function]
  131 | void compare_test(){
      |      ^~~~~~~~~~~~
test.c:125:6: error: ‘hash_test3’ defined but not used [-Werror=unused-function]
  125 | void hash_test3(){ //no random
      |      ^~~~~~~~~~
test.c:111:6: error: ‘hash_test2’ defined but not used [-Werror=unused-function]
  111 | void hash_test2(){ // colisiones
      |      ^~~~~~~~~~
test.c:100:6: error: ‘hash_test1’ defined but not used [-Werror=unused-function]
  100 | void hash_test1(){ // posición válida
      |      ^~~~~~~~~~
cc1: all warnings being treated as errors
Compilation failed
a5af810
Sat 27 Apr 2024 03:54:52 PM UTC: 
 hashmap.c | 8 ++++++++
 1 file changed, 8 insertions(+)
In file included from test.c:4:
hashmap.c: In function ‘searchMap’:
hashmap.c:131:3: error: expected ‘,’ or ‘;’ before ‘if’
  131 |   if (posicion == -1)
      |   ^~
hashmap.c:135:3: error: ‘else’ without a previous ‘if’
  135 |   else if (posicion < 0 || posicion >= map->capacity)
      |   ^~~~
hashmap.c:138:3: error: expected ‘;’ before ‘}’ token
  138 |   }
      |   ^
hashmap.c:140:36: error: ‘*(map->buckets + (sizetype)((long unsigned int)posicion * 8))’ is a pointer; did you mean to use ‘->’?
  140 |   if (strcmp(map->buckets[posicion].key,key) == 0)
      |                                    ^
      |                                    ->
hashmap.c:150:35: error: ‘*(map->buckets + (sizetype)((long unsigned int)i * 8))’ is a pointer; did you mean to use ‘->’?
  150 |             strcmp(map->buckets[i].key,key) == 0)
      |                                   ^
      |                                   ->
hashmap.c:160:35: error: ‘*(map->buckets + (sizetype)((long unsigned int)j * 8))’ is a pointer; did you mean to use ‘->’?
  160 |             strcmp(map->buckets[j].key,key) == 0)
      |                                   ^
      |                                   ->
test.c: In function ‘insertMap’:
test.c:453:5: error: ‘main’ is normally a non-static function [-Werror=main]
  453 | int main( int argc, char *argv[] ) {
      |     ^~~~
test.c:511:1: error: expected declaration or statement at end of input
  511 | }
      | ^
At top level:
test.c:453:5: error: ‘main’ defined but not used [-Werror=unused-function]
  453 | int main( int argc, char *argv[] ) {
      |     ^~~~
test.c:217:5: error: ‘insert_test5’ defined but not used [-Werror=unused-function]
  217 | int insert_test5(){ //factor de carga>0.7, se llama a función enlarge
      |     ^~~~~~~~~~~~
test.c:131:6: error: ‘compare_test’ defined but not used [-Werror=unused-function]
  131 | void compare_test(){
      |      ^~~~~~~~~~~~
test.c:125:6: error: ‘hash_test3’ defined but not used [-Werror=unused-function]
  125 | void hash_test3(){ //no random
      |      ^~~~~~~~~~
test.c:111:6: error: ‘hash_test2’ defined but not used [-Werror=unused-function]
  111 | void hash_test2(){ // colisiones
      |      ^~~~~~~~~~
test.c:100:6: error: ‘hash_test1’ defined but not used [-Werror=unused-function]
  100 | void hash_test1(){ // posición válida
      |      ^~~~~~~~~~
cc1: all warnings being treated as errors
Compilation failed
8784aeb
Sat 27 Apr 2024 03:57:27 PM UTC: 
 hashmap.c | 6 +++---
 1 file changed, 3 insertions(+), 3 deletions(-)
In file included from test.c:4:
hashmap.c: In function ‘searchMap’:
hashmap.c:131:3: error: expected ‘,’ or ‘;’ before ‘if’
  131 |   if (posicion == -1)
      |   ^~
hashmap.c:135:3: error: ‘else’ without a previous ‘if’
  135 |   else if (posicion < 0 || posicion >= map->capacity)
      |   ^~~~
hashmap.c:138:3: error: expected ‘;’ before ‘}’ token
  138 |   }
      |   ^
test.c: In function ‘insertMap’:
test.c:453:5: error: ‘main’ is normally a non-static function [-Werror=main]
  453 | int main( int argc, char *argv[] ) {
      |     ^~~~
test.c:511:1: error: expected declaration or statement at end of input
  511 | }
      | ^
At top level:
test.c:453:5: error: ‘main’ defined but not used [-Werror=unused-function]
  453 | int main( int argc, char *argv[] ) {
      |     ^~~~
test.c:217:5: error: ‘insert_test5’ defined but not used [-Werror=unused-function]
  217 | int insert_test5(){ //factor de carga>0.7, se llama a función enlarge
      |     ^~~~~~~~~~~~
test.c:131:6: error: ‘compare_test’ defined but not used [-Werror=unused-function]
  131 | void compare_test(){
      |      ^~~~~~~~~~~~
test.c:125:6: error: ‘hash_test3’ defined but not used [-Werror=unused-function]
  125 | void hash_test3(){ //no random
      |      ^~~~~~~~~~
test.c:111:6: error: ‘hash_test2’ defined but not used [-Werror=unused-function]
  111 | void hash_test2(){ // colisiones
      |      ^~~~~~~~~~
test.c:100:6: error: ‘hash_test1’ defined but not used [-Werror=unused-function]
  100 | void hash_test1(){ // posición válida
      |      ^~~~~~~~~~
cc1: all warnings being treated as errors
Compilation failed
b2fe00a
Sat 27 Apr 2024 04:02:15 PM UTC: 
 hashmap.c | 2 +-
 1 file changed, 1 insertion(+), 1 deletion(-)
In file included from test.c:4:
hashmap.c: In function ‘searchMap’:
hashmap.c:131:3: error: expected ‘,’ or ‘;’ before ‘if’
  131 |   if (posicion == -1)
      |   ^~
hashmap.c:135:3: error: ‘else’ without a previous ‘if’
  135 |   else if (posicion < 0 || posicion >= map->capacity)
      |   ^~~~
hashmap.c:138:3: error: expected ‘;’ before ‘}’ token
  138 |   }
      |   ^
test.c: In function ‘insertMap’:
test.c:453:5: error: ‘main’ is normally a non-static function [-Werror=main]
  453 | int main( int argc, char *argv[] ) {
      |     ^~~~
test.c:511:1: error: expected declaration or statement at end of input
  511 | }
      | ^
At top level:
test.c:453:5: error: ‘main’ defined but not used [-Werror=unused-function]
  453 | int main( int argc, char *argv[] ) {
      |     ^~~~
test.c:217:5: error: ‘insert_test5’ defined but not used [-Werror=unused-function]
  217 | int insert_test5(){ //factor de carga>0.7, se llama a función enlarge
      |     ^~~~~~~~~~~~
test.c:131:6: error: ‘compare_test’ defined but not used [-Werror=unused-function]
  131 | void compare_test(){
      |      ^~~~~~~~~~~~
test.c:125:6: error: ‘hash_test3’ defined but not used [-Werror=unused-function]
  125 | void hash_test3(){ //no random
      |      ^~~~~~~~~~
test.c:111:6: error: ‘hash_test2’ defined but not used [-Werror=unused-function]
  111 | void hash_test2(){ // colisiones
      |      ^~~~~~~~~~
test.c:100:6: error: ‘hash_test1’ defined but not used [-Werror=unused-function]
  100 | void hash_test1(){ // posición válida
      |      ^~~~~~~~~~
cc1: all warnings being treated as errors
Compilation failed
e5111cf
Sat 27 Apr 2024 04:05:31 PM UTC: 
 hashmap.c | 4 ++--
 1 file changed, 2 insertions(+), 2 deletions(-)
In file included from test.c:4:
hashmap.c: In function ‘searchMap’:
hashmap.c:131:3: error: expected ‘,’ or ‘;’ before ‘if’
  131 |   if (posicion == -1)
      |   ^~
hashmap.c:135:3: error: ‘else’ without a previous ‘if’
  135 |   else if (posicion < 0 || posicion >= map->capacity)
      |   ^~~~
test.c: In function ‘insertMap’:
test.c:453:5: error: ‘main’ is normally a non-static function [-Werror=main]
  453 | int main( int argc, char *argv[] ) {
      |     ^~~~
test.c:511:1: error: expected declaration or statement at end of input
  511 | }
      | ^
At top level:
test.c:453:5: error: ‘main’ defined but not used [-Werror=unused-function]
  453 | int main( int argc, char *argv[] ) {
      |     ^~~~
test.c:217:5: error: ‘insert_test5’ defined but not used [-Werror=unused-function]
  217 | int insert_test5(){ //factor de carga>0.7, se llama a función enlarge
      |     ^~~~~~~~~~~~
test.c:131:6: error: ‘compare_test’ defined but not used [-Werror=unused-function]
  131 | void compare_test(){
      |      ^~~~~~~~~~~~
test.c:125:6: error: ‘hash_test3’ defined but not used [-Werror=unused-function]
  125 | void hash_test3(){ //no random
      |      ^~~~~~~~~~
test.c:111:6: error: ‘hash_test2’ defined but not used [-Werror=unused-function]
  111 | void hash_test2(){ // colisiones
      |      ^~~~~~~~~~
test.c:100:6: error: ‘hash_test1’ defined but not used [-Werror=unused-function]
  100 | void hash_test1(){ // posición válida
      |      ^~~~~~~~~~
cc1: all warnings being treated as errors
Compilation failed
f38b645
Sat 27 Apr 2024 04:10:37 PM UTC: 
 hashmap.c | 3 +++
 1 file changed, 3 insertions(+)
In file included from test.c:4:
hashmap.c: In function ‘searchMap’:
hashmap.c:131:3: error: expected ‘,’ or ‘;’ before ‘if’
  131 |   if (posicion == -1)
      |   ^~
hashmap.c:135:3: error: ‘else’ without a previous ‘if’
  135 |   else if (posicion < 0 || posicion >= map->capacity)
      |   ^~~~
test.c: In function ‘insertMap’:
test.c:453:5: error: ‘main’ is normally a non-static function [-Werror=main]
  453 | int main( int argc, char *argv[] ) {
      |     ^~~~
test.c:511:1: error: expected declaration or statement at end of input
  511 | }
      | ^
At top level:
test.c:453:5: error: ‘main’ defined but not used [-Werror=unused-function]
  453 | int main( int argc, char *argv[] ) {
      |     ^~~~
test.c:217:5: error: ‘insert_test5’ defined but not used [-Werror=unused-function]
  217 | int insert_test5(){ //factor de carga>0.7, se llama a función enlarge
      |     ^~~~~~~~~~~~
test.c:131:6: error: ‘compare_test’ defined but not used [-Werror=unused-function]
  131 | void compare_test(){
      |      ^~~~~~~~~~~~
test.c:125:6: error: ‘hash_test3’ defined but not used [-Werror=unused-function]
  125 | void hash_test3(){ //no random
      |      ^~~~~~~~~~
test.c:111:6: error: ‘hash_test2’ defined but not used [-Werror=unused-function]
  111 | void hash_test2(){ // colisiones
      |      ^~~~~~~~~~
test.c:100:6: error: ‘hash_test1’ defined but not used [-Werror=unused-function]
  100 | void hash_test1(){ // posición válida
      |      ^~~~~~~~~~
cc1: all warnings being treated as errors
Compilation failed
0655e99
Sat 27 Apr 2024 04:16:46 PM UTC: 
 hashmap.c | 9 +++------
 1 file changed, 3 insertions(+), 6 deletions(-)
In file included from test.c:4:
hashmap.c: In function ‘searchMap’:
hashmap.c:131:3: error: expected ‘,’ or ‘;’ before ‘if’
  131 |   if (posicion == -1)
      |   ^~
hashmap.c:135:3: error: ‘else’ without a previous ‘if’
  135 |   else if (posicion < 0 || posicion >= map->capacity)
      |   ^~~~
hashmap.c:137:10: error: ‘EXIT_FAILRE’ undeclared (first use in this function); did you mean ‘EXIT_FAILURE’?
  137 |     exit(EXIT_FAILRE);
      |          ^~~~~~~~~~~
      |          EXIT_FAILURE
hashmap.c:137:10: note: each undeclared identifier is reported only once for each function it appears in
test.c: In function ‘insertMap’:
test.c:453:5: error: ‘main’ is normally a non-static function [-Werror=main]
  453 | int main( int argc, char *argv[] ) {
      |     ^~~~
test.c:511:1: error: expected declaration or statement at end of input
  511 | }
      | ^
At top level:
test.c:453:5: error: ‘main’ defined but not used [-Werror=unused-function]
  453 | int main( int argc, char *argv[] ) {
      |     ^~~~
test.c:217:5: error: ‘insert_test5’ defined but not used [-Werror=unused-function]
  217 | int insert_test5(){ //factor de carga>0.7, se llama a función enlarge
      |     ^~~~~~~~~~~~
test.c:131:6: error: ‘compare_test’ defined but not used [-Werror=unused-function]
  131 | void compare_test(){
      |      ^~~~~~~~~~~~
test.c:125:6: error: ‘hash_test3’ defined but not used [-Werror=unused-function]
  125 | void hash_test3(){ //no random
      |      ^~~~~~~~~~
test.c:111:6: error: ‘hash_test2’ defined but not used [-Werror=unused-function]
  111 | void hash_test2(){ // colisiones
      |      ^~~~~~~~~~
test.c:100:6: error: ‘hash_test1’ defined but not used [-Werror=unused-function]
  100 | void hash_test1(){ // posición válida
      |      ^~~~~~~~~~
cc1: all warnings being treated as errors
Compilation failed
e64b741
Sat 27 Apr 2024 04:20:23 PM UTC: 
 hashmap.c | 9 ++++++++-
 1 file changed, 8 insertions(+), 1 deletion(-)
In file included from test.c:4:
hashmap.c: In function ‘searchMap’:
hashmap.c:131:3: error: expected ‘,’ or ‘;’ before ‘if’
  131 |   if (posicion == -1)
      |   ^~
hashmap.c:135:3: error: ‘else’ without a previous ‘if’
  135 |   else if (posicion < 0 || posicion >= map->capacity)
      |   ^~~~
hashmap.c:137:10: error: ‘EXIT_FAILRE’ undeclared (first use in this function); did you mean ‘EXIT_FAILURE’?
  137 |     exit(EXIT_FAILRE);
      |          ^~~~~~~~~~~
      |          EXIT_FAILURE
hashmap.c:137:10: note: each undeclared identifier is reported only once for each function it appears in
test.c: In function ‘insertMap’:
test.c:453:5: error: ‘main’ is normally a non-static function [-Werror=main]
  453 | int main( int argc, char *argv[] ) {
      |     ^~~~
test.c:511:1: error: expected declaration or statement at end of input
  511 | }
      | ^
At top level:
test.c:453:5: error: ‘main’ defined but not used [-Werror=unused-function]
  453 | int main( int argc, char *argv[] ) {
      |     ^~~~
test.c:217:5: error: ‘insert_test5’ defined but not used [-Werror=unused-function]
  217 | int insert_test5(){ //factor de carga>0.7, se llama a función enlarge
      |     ^~~~~~~~~~~~
test.c:131:6: error: ‘compare_test’ defined but not used [-Werror=unused-function]
  131 | void compare_test(){
      |      ^~~~~~~~~~~~
test.c:125:6: error: ‘hash_test3’ defined but not used [-Werror=unused-function]
  125 | void hash_test3(){ //no random
      |      ^~~~~~~~~~
test.c:111:6: error: ‘hash_test2’ defined but not used [-Werror=unused-function]
  111 | void hash_test2(){ // colisiones
      |      ^~~~~~~~~~
test.c:100:6: error: ‘hash_test1’ defined but not used [-Werror=unused-function]
  100 | void hash_test1(){ // posición válida
      |      ^~~~~~~~~~
cc1: all warnings being treated as errors
Compilation failed
c1e578a
Sat 27 Apr 2024 04:24:39 PM UTC: 
 hashmap.c | 4 ++--
 1 file changed, 2 insertions(+), 2 deletions(-)
In file included from test.c:4:
hashmap.c: In function ‘searchMap’:
hashmap.c:131:3: error: expected ‘,’ or ‘;’ before ‘if’
  131 |   if (posicion == -1)
      |   ^~
hashmap.c:135:3: error: ‘else’ without a previous ‘if’
  135 |   else if (posicion < 0 || posicion >= map->capacity)
      |   ^~~~
hashmap.c:137:10: error: ‘EXIT_FAILRE’ undeclared (first use in this function); did you mean ‘EXIT_FAILURE’?
  137 |     exit(EXIT_FAILRE);
      |          ^~~~~~~~~~~
      |          EXIT_FAILURE
hashmap.c:137:10: note: each undeclared identifier is reported only once for each function it appears in
test.c: In function ‘insertMap’:
test.c:453:5: error: ‘main’ is normally a non-static function [-Werror=main]
  453 | int main( int argc, char *argv[] ) {
      |     ^~~~
test.c:511:1: error: expected declaration or statement at end of input
  511 | }
      | ^
At top level:
test.c:453:5: error: ‘main’ defined but not used [-Werror=unused-function]
  453 | int main( int argc, char *argv[] ) {
      |     ^~~~
test.c:217:5: error: ‘insert_test5’ defined but not used [-Werror=unused-function]
  217 | int insert_test5(){ //factor de carga>0.7, se llama a función enlarge
      |     ^~~~~~~~~~~~
test.c:131:6: error: ‘compare_test’ defined but not used [-Werror=unused-function]
  131 | void compare_test(){
      |      ^~~~~~~~~~~~
test.c:125:6: error: ‘hash_test3’ defined but not used [-Werror=unused-function]
  125 | void hash_test3(){ //no random
      |      ^~~~~~~~~~
test.c:111:6: error: ‘hash_test2’ defined but not used [-Werror=unused-function]
  111 | void hash_test2(){ // colisiones
      |      ^~~~~~~~~~
test.c:100:6: error: ‘hash_test1’ defined but not used [-Werror=unused-function]
  100 | void hash_test1(){ // posición válida
      |      ^~~~~~~~~~
cc1: all warnings being treated as errors
Compilation failed
5e447aa
Sat 27 Apr 2024 04:26:32 PM UTC: 
 hashmap.c | 7 ++++---
 1 file changed, 4 insertions(+), 3 deletions(-)
In file included from test.c:4:
hashmap.c: In function ‘searchMap’:
hashmap.c:131:3: error: expected ‘,’ or ‘;’ before ‘if’
  131 |   if (posicion == -1)
      |   ^~
hashmap.c:135:3: error: ‘else’ without a previous ‘if’
  135 |   else if (posicion < 0 || posicion >= map->capacity)
      |   ^~~~
test.c: In function ‘insertMap’:
test.c:453:5: error: ‘main’ is normally a non-static function [-Werror=main]
  453 | int main( int argc, char *argv[] ) {
      |     ^~~~
test.c:511:1: error: expected declaration or statement at end of input
  511 | }
      | ^
At top level:
test.c:453:5: error: ‘main’ defined but not used [-Werror=unused-function]
  453 | int main( int argc, char *argv[] ) {
      |     ^~~~
test.c:217:5: error: ‘insert_test5’ defined but not used [-Werror=unused-function]
  217 | int insert_test5(){ //factor de carga>0.7, se llama a función enlarge
      |     ^~~~~~~~~~~~
test.c:131:6: error: ‘compare_test’ defined but not used [-Werror=unused-function]
  131 | void compare_test(){
      |      ^~~~~~~~~~~~
test.c:125:6: error: ‘hash_test3’ defined but not used [-Werror=unused-function]
  125 | void hash_test3(){ //no random
      |      ^~~~~~~~~~
test.c:111:6: error: ‘hash_test2’ defined but not used [-Werror=unused-function]
  111 | void hash_test2(){ // colisiones
      |      ^~~~~~~~~~
test.c:100:6: error: ‘hash_test1’ defined but not used [-Werror=unused-function]
  100 | void hash_test1(){ // posición válida
      |      ^~~~~~~~~~
cc1: all warnings being treated as errors
Compilation failed
065dd6a
Sat 27 Apr 2024 04:31:31 PM UTC: 
 hashmap.c | 10 ++++++----
 1 file changed, 6 insertions(+), 4 deletions(-)
In file included from test.c:4:
hashmap.c: In function ‘searchMap’:
hashmap.c:131:3: error: expected ‘,’ or ‘;’ before ‘if’
  131 |   if (posicion == -1)
      |   ^~
hashmap.c:135:3: error: ‘else’ without a previous ‘if’
  135 |   else if (posicion < 0 || posicion >= map->capacity)
      |   ^~~~
hashmap.c:162:35: error: expected ‘;’ before ‘map’
  162 |     for (long j = 0 ; j < posicion  map->buckets[j]
      |                                   ^ ~~~
      |                                   ;
test.c: In function ‘insertMap’:
test.c:453:5: error: ‘main’ is normally a non-static function [-Werror=main]
  453 | int main( int argc, char *argv[] ) {
      |     ^~~~
test.c:511:1: error: expected declaration or statement at end of input
  511 | }
      | ^
At top level:
test.c:453:5: error: ‘main’ defined but not used [-Werror=unused-function]
  453 | int main( int argc, char *argv[] ) {
      |     ^~~~
test.c:217:5: error: ‘insert_test5’ defined but not used [-Werror=unused-function]
  217 | int insert_test5(){ //factor de carga>0.7, se llama a función enlarge
      |     ^~~~~~~~~~~~
test.c:131:6: error: ‘compare_test’ defined but not used [-Werror=unused-function]
  131 | void compare_test(){
      |      ^~~~~~~~~~~~
test.c:125:6: error: ‘hash_test3’ defined but not used [-Werror=unused-function]
  125 | void hash_test3(){ //no random
      |      ^~~~~~~~~~
test.c:111:6: error: ‘hash_test2’ defined but not used [-Werror=unused-function]
  111 | void hash_test2(){ // colisiones
      |      ^~~~~~~~~~
test.c:100:6: error: ‘hash_test1’ defined but not used [-Werror=unused-function]
  100 | void hash_test1(){ // posición válida
      |      ^~~~~~~~~~
cc1: all warnings being treated as errors
Compilation failed
172f40a
Sat 27 Apr 2024 04:32:12 PM UTC: 
 hashmap.c | 8 --------
 1 file changed, 8 deletions(-)
In file included from test.c:4:
hashmap.c: In function ‘searchMap’:
hashmap.c:131:3: error: expected ‘,’ or ‘;’ before ‘if’
  131 |   if (posicion == -1)
      |   ^~
hashmap.c:135:3: error: ‘else’ without a previous ‘if’
  135 |   else if (posicion < 0 || posicion >= map->capacity)
      |   ^~~~
hashmap.c:158:35: error: expected ‘;’ before ‘map’
  158 |     for (long j = 0 ; j < posicion  map->buckets[j]
      |                                   ^ ~~~
      |                                   ;
test.c: In function ‘insertMap’:
test.c:453:5: error: ‘main’ is normally a non-static function [-Werror=main]
  453 | int main( int argc, char *argv[] ) {
      |     ^~~~
test.c:511:1: error: expected declaration or statement at end of input
  511 | }
      | ^
At top level:
test.c:453:5: error: ‘main’ defined but not used [-Werror=unused-function]
  453 | int main( int argc, char *argv[] ) {
      |     ^~~~
test.c:217:5: error: ‘insert_test5’ defined but not used [-Werror=unused-function]
  217 | int insert_test5(){ //factor de carga>0.7, se llama a función enlarge
      |     ^~~~~~~~~~~~
test.c:131:6: error: ‘compare_test’ defined but not used [-Werror=unused-function]
  131 | void compare_test(){
      |      ^~~~~~~~~~~~
test.c:125:6: error: ‘hash_test3’ defined but not used [-Werror=unused-function]
  125 | void hash_test3(){ //no random
      |      ^~~~~~~~~~
test.c:111:6: error: ‘hash_test2’ defined but not used [-Werror=unused-function]
  111 | void hash_test2(){ // colisiones
      |      ^~~~~~~~~~
test.c:100:6: error: ‘hash_test1’ defined but not used [-Werror=unused-function]
  100 | void hash_test1(){ // posición válida
      |      ^~~~~~~~~~
cc1: all warnings being treated as errors
Compilation failed
a3e0719
Sat 27 Apr 2024 04:48:31 PM UTC: 
 hashmap.c | 9 ++++++---
 1 file changed, 6 insertions(+), 3 deletions(-)
In file included from test.c:4:
hashmap.c: In function ‘searchMap’:
hashmap.c:131:3: error: expected ‘,’ or ‘;’ before ‘if’
  131 |   if (posicion == -1)
      |   ^~
hashmap.c:135:3: error: ‘else’ without a previous ‘if’
  135 |   else if (posicion < 0 || posicion >= map->capacity)
      |   ^~~~
hashmap.c:158:35: error: expected ‘;’ before ‘map’
  158 |     for (long j = 0 ; j < posicion  map->buckets[j]
      |                                   ^ ~~~
      |                                   ;
test.c: In function ‘insertMap’:
test.c:453:5: error: ‘main’ is normally a non-static function [-Werror=main]
  453 | int main( int argc, char *argv[] ) {
      |     ^~~~
test.c:511:1: error: expected declaration or statement at end of input
  511 | }
      | ^
At top level:
test.c:453:5: error: ‘main’ defined but not used [-Werror=unused-function]
  453 | int main( int argc, char *argv[] ) {
      |     ^~~~
test.c:217:5: error: ‘insert_test5’ defined but not used [-Werror=unused-function]
  217 | int insert_test5(){ //factor de carga>0.7, se llama a función enlarge
      |     ^~~~~~~~~~~~
test.c:131:6: error: ‘compare_test’ defined but not used [-Werror=unused-function]
  131 | void compare_test(){
      |      ^~~~~~~~~~~~
test.c:125:6: error: ‘hash_test3’ defined but not used [-Werror=unused-function]
  125 | void hash_test3(){ //no random
      |      ^~~~~~~~~~
test.c:111:6: error: ‘hash_test2’ defined but not used [-Werror=unused-function]
  111 | void hash_test2(){ // colisiones
      |      ^~~~~~~~~~
test.c:100:6: error: ‘hash_test1’ defined but not used [-Werror=unused-function]
  100 | void hash_test1(){ // posición válida
      |      ^~~~~~~~~~
cc1: all warnings being treated as errors
Compilation failed
22d7b1f
Sat 27 Apr 2024 04:51:48 PM UTC: 
 hashmap.c | 12 +++++++++++-
 1 file changed, 11 insertions(+), 1 deletion(-)
In file included from test.c:4:
hashmap.c: In function ‘searchMap’:
hashmap.c:131:3: error: expected ‘,’ or ‘;’ before ‘if’
  131 |   if (posicion == -1)
      |   ^~
hashmap.c:135:3: error: ‘else’ without a previous ‘if’
  135 |   else if (posicion < 0 || posicion >= map->capacity)
      |   ^~~~
hashmap.c:158:35: error: expected ‘;’ before ‘map’
  158 |     for (long j = 0 ; j < posicion  map->buckets[j]
      |                                   ^ ~~~
      |                                   ;
test.c: In function ‘insertMap’:
test.c:453:5: error: ‘main’ is normally a non-static function [-Werror=main]
  453 | int main( int argc, char *argv[] ) {
      |     ^~~~
test.c:511:1: error: expected declaration or statement at end of input
  511 | }
      | ^
At top level:
test.c:453:5: error: ‘main’ defined but not used [-Werror=unused-function]
  453 | int main( int argc, char *argv[] ) {
      |     ^~~~
test.c:217:5: error: ‘insert_test5’ defined but not used [-Werror=unused-function]
  217 | int insert_test5(){ //factor de carga>0.7, se llama a función enlarge
      |     ^~~~~~~~~~~~
test.c:131:6: error: ‘compare_test’ defined but not used [-Werror=unused-function]
  131 | void compare_test(){
      |      ^~~~~~~~~~~~
test.c:125:6: error: ‘hash_test3’ defined but not used [-Werror=unused-function]
  125 | void hash_test3(){ //no random
      |      ^~~~~~~~~~
test.c:111:6: error: ‘hash_test2’ defined but not used [-Werror=unused-function]
  111 | void hash_test2(){ // colisiones
      |      ^~~~~~~~~~
test.c:100:6: error: ‘hash_test1’ defined but not used [-Werror=unused-function]
  100 | void hash_test1(){ // posición válida
      |      ^~~~~~~~~~
cc1: all warnings being treated as errors
Compilation failed
3c7d55d
Sat 27 Apr 2024 04:54:15 PM UTC: 
 hashmap.c | 14 ++++++++------
 1 file changed, 8 insertions(+), 6 deletions(-)
In file included from test.c:4:
hashmap.c: In function ‘searchMap’:
hashmap.c:131:3: error: expected ‘,’ or ‘;’ before ‘if’
  131 |   if (posicion == -1)
      |   ^~
hashmap.c:135:3: error: ‘else’ without a previous ‘if’
  135 |   else if (posicion < 0 || posicion >= map->capacity)
      |   ^~~~
hashmap.c:158:35: error: expected ‘;’ before ‘map’
  158 |     for (long j = 0 ; j < posicion  map->buckets[j]
      |                                   ^ ~~~
      |                                   ;
test.c: In function ‘insertMap’:
test.c:453:5: error: ‘main’ is normally a non-static function [-Werror=main]
  453 | int main( int argc, char *argv[] ) {
      |     ^~~~
test.c:511:1: error: expected declaration or statement at end of input
  511 | }
      | ^
At top level:
test.c:453:5: error: ‘main’ defined but not used [-Werror=unused-function]
  453 | int main( int argc, char *argv[] ) {
      |     ^~~~
test.c:217:5: error: ‘insert_test5’ defined but not used [-Werror=unused-function]
  217 | int insert_test5(){ //factor de carga>0.7, se llama a función enlarge
      |     ^~~~~~~~~~~~
test.c:131:6: error: ‘compare_test’ defined but not used [-Werror=unused-function]
  131 | void compare_test(){
      |      ^~~~~~~~~~~~
test.c:125:6: error: ‘hash_test3’ defined but not used [-Werror=unused-function]
  125 | void hash_test3(){ //no random
      |      ^~~~~~~~~~
test.c:111:6: error: ‘hash_test2’ defined but not used [-Werror=unused-function]
  111 | void hash_test2(){ // colisiones
      |      ^~~~~~~~~~
test.c:100:6: error: ‘hash_test1’ defined but not used [-Werror=unused-function]
  100 | void hash_test1(){ // posición válida
      |      ^~~~~~~~~~
cc1: all warnings being treated as errors
Compilation failed
8ae6393
Sat 27 Apr 2024 04:54:51 PM UTC: 
 hashmap.c | 2 +-
 1 file changed, 1 insertion(+), 1 deletion(-)
In file included from test.c:4:
hashmap.c: In function ‘searchMap’:
hashmap.c:131:3: error: expected ‘,’ or ‘;’ before ‘if’
  131 |   if (posicion == -1)
      |   ^~
hashmap.c:135:3: error: ‘else’ without a previous ‘if’
  135 |   else if (posicion < 0 || posicion >= map->capacity)
      |   ^~~~
hashmap.c:158:35: error: expected ‘;’ before ‘map’
  158 |     for (long j = 0 ; j < posicion  map->buckets[j]
      |                                   ^ ~~~
      |                                   ;
test.c: In function ‘insertMap’:
test.c:453:5: error: ‘main’ is normally a non-static function [-Werror=main]
  453 | int main( int argc, char *argv[] ) {
      |     ^~~~
test.c:511:1: error: expected declaration or statement at end of input
  511 | }
      | ^
At top level:
test.c:453:5: error: ‘main’ defined but not used [-Werror=unused-function]
  453 | int main( int argc, char *argv[] ) {
      |     ^~~~
test.c:217:5: error: ‘insert_test5’ defined but not used [-Werror=unused-function]
  217 | int insert_test5(){ //factor de carga>0.7, se llama a función enlarge
      |     ^~~~~~~~~~~~
test.c:131:6: error: ‘compare_test’ defined but not used [-Werror=unused-function]
  131 | void compare_test(){
      |      ^~~~~~~~~~~~
test.c:125:6: error: ‘hash_test3’ defined but not used [-Werror=unused-function]
  125 | void hash_test3(){ //no random
      |      ^~~~~~~~~~
test.c:111:6: error: ‘hash_test2’ defined but not used [-Werror=unused-function]
  111 | void hash_test2(){ // colisiones
      |      ^~~~~~~~~~
test.c:100:6: error: ‘hash_test1’ defined but not used [-Werror=unused-function]
  100 | void hash_test1(){ // posición válida
      |      ^~~~~~~~~~
cc1: all warnings being treated as errors
Compilation failed
7d736fc
Sat 27 Apr 2024 04:56:49 PM UTC: 
 hashmap.c | 1 -
 1 file changed, 1 deletion(-)
In file included from test.c:4:
hashmap.c: In function ‘searchMap’:
hashmap.c:131:3: error: expected ‘,’ or ‘;’ before ‘if’
  131 |   if (posicion == -1)
      |   ^~
hashmap.c:135:3: error: ‘else’ without a previous ‘if’
  135 |   else if (posicion < 0 || posicion >= map->capacity)
      |   ^~~~
hashmap.c:158:35: error: expected ‘;’ before ‘map’
  158 |     for (long j = 0 ; j < posicion  map->buckets[j]
      |                                   ^ ~~~
      |                                   ;
test.c: In function ‘insertMap’:
test.c:453:5: error: ‘main’ is normally a non-static function [-Werror=main]
  453 | int main( int argc, char *argv[] ) {
      |     ^~~~
test.c:511:1: error: expected declaration or statement at end of input
  511 | }
      | ^
At top level:
test.c:453:5: error: ‘main’ defined but not used [-Werror=unused-function]
  453 | int main( int argc, char *argv[] ) {
      |     ^~~~
test.c:217:5: error: ‘insert_test5’ defined but not used [-Werror=unused-function]
  217 | int insert_test5(){ //factor de carga>0.7, se llama a función enlarge
      |     ^~~~~~~~~~~~
test.c:131:6: error: ‘compare_test’ defined but not used [-Werror=unused-function]
  131 | void compare_test(){
      |      ^~~~~~~~~~~~
test.c:125:6: error: ‘hash_test3’ defined but not used [-Werror=unused-function]
  125 | void hash_test3(){ //no random
      |      ^~~~~~~~~~
test.c:111:6: error: ‘hash_test2’ defined but not used [-Werror=unused-function]
  111 | void hash_test2(){ // colisiones
      |      ^~~~~~~~~~
test.c:100:6: error: ‘hash_test1’ defined but not used [-Werror=unused-function]
  100 | void hash_test1(){ // posición válida
      |      ^~~~~~~~~~
cc1: all warnings being treated as errors
Compilation failed
c11477b
Sat 27 Apr 2024 04:57:27 PM UTC: 
 hashmap.c | 3 ---
 1 file changed, 3 deletions(-)
In file included from test.c:4:
hashmap.c: In function ‘searchMap’:
hashmap.c:131:3: error: expected ‘,’ or ‘;’ before ‘if’
  131 |   if (posicion == -1)
      |   ^~
hashmap.c:135:3: error: ‘else’ without a previous ‘if’
  135 |   else if (posicion < 0 || posicion >= map->capacity)
      |   ^~~~
hashmap.c:158:35: error: expected ‘;’ before ‘map’
  158 |     for (long j = 0 ; j < posicion  map->buckets[j]
      |                                   ^ ~~~
      |                                   ;
test.c: In function ‘insertMap’:
test.c:453:5: error: ‘main’ is normally a non-static function [-Werror=main]
  453 | int main( int argc, char *argv[] ) {
      |     ^~~~
test.c:511:1: error: expected declaration or statement at end of input
  511 | }
      | ^
At top level:
test.c:453:5: error: ‘main’ defined but not used [-Werror=unused-function]
  453 | int main( int argc, char *argv[] ) {
      |     ^~~~
test.c:217:5: error: ‘insert_test5’ defined but not used [-Werror=unused-function]
  217 | int insert_test5(){ //factor de carga>0.7, se llama a función enlarge
      |     ^~~~~~~~~~~~
test.c:131:6: error: ‘compare_test’ defined but not used [-Werror=unused-function]
  131 | void compare_test(){
      |      ^~~~~~~~~~~~
test.c:125:6: error: ‘hash_test3’ defined but not used [-Werror=unused-function]
  125 | void hash_test3(){ //no random
      |      ^~~~~~~~~~
test.c:111:6: error: ‘hash_test2’ defined but not used [-Werror=unused-function]
  111 | void hash_test2(){ // colisiones
      |      ^~~~~~~~~~
test.c:100:6: error: ‘hash_test1’ defined but not used [-Werror=unused-function]
  100 | void hash_test1(){ // posición válida
      |      ^~~~~~~~~~
cc1: all warnings being treated as errors
Compilation failed
f8d79c4
Sat 27 Apr 2024 05:00:51 PM UTC: 
 hashmap.c | 6 ------
 1 file changed, 6 deletions(-)
In file included from test.c:4:
hashmap.c: In function ‘searchMap’:
hashmap.c:125:3: error: expected ‘,’ or ‘;’ before ‘if’
  125 |   if (posicion == -1)
      |   ^~
hashmap.c:129:3: error: ‘else’ without a previous ‘if’
  129 |   else if (posicion < 0 || posicion >= map->capacity)
      |   ^~~~
hashmap.c:152:35: error: expected ‘;’ before ‘map’
  152 |     for (long j = 0 ; j < posicion  map->buckets[j]
      |                                   ^ ~~~
      |                                   ;
test.c: In function ‘insertMap’:
test.c:453:5: error: ‘main’ is normally a non-static function [-Werror=main]
  453 | int main( int argc, char *argv[] ) {
      |     ^~~~
test.c:511:1: error: expected declaration or statement at end of input
  511 | }
      | ^
At top level:
test.c:453:5: error: ‘main’ defined but not used [-Werror=unused-function]
  453 | int main( int argc, char *argv[] ) {
      |     ^~~~
test.c:217:5: error: ‘insert_test5’ defined but not used [-Werror=unused-function]
  217 | int insert_test5(){ //factor de carga>0.7, se llama a función enlarge
      |     ^~~~~~~~~~~~
test.c:131:6: error: ‘compare_test’ defined but not used [-Werror=unused-function]
  131 | void compare_test(){
      |      ^~~~~~~~~~~~
test.c:125:6: error: ‘hash_test3’ defined but not used [-Werror=unused-function]
  125 | void hash_test3(){ //no random
      |      ^~~~~~~~~~
test.c:111:6: error: ‘hash_test2’ defined but not used [-Werror=unused-function]
  111 | void hash_test2(){ // colisiones
      |      ^~~~~~~~~~
test.c:100:6: error: ‘hash_test1’ defined but not used [-Werror=unused-function]
  100 | void hash_test1(){ // posición válida
      |      ^~~~~~~~~~
cc1: all warnings being treated as errors
Compilation failed
b7f4352
Sat 27 Apr 2024 05:05:08 PM UTC: 
 hashmap.c | 17 +++++++++--------
 1 file changed, 9 insertions(+), 8 deletions(-)
In file included from test.c:4:
hashmap.c: In function ‘searchMap’:
hashmap.c:123:3: error: expected ‘,’ or ‘;’ before ‘if’
  123 |   if (posicion == -1)
      |   ^~
hashmap.c:127:3: error: ‘else’ without a previous ‘if’
  127 |   else if (posicion < 0 || posicion >= map->capacity)
      |   ^~~~
hashmap.c:150:35: error: expected ‘;’ before ‘map’
  150 |     for (long j = 0 ; j < posicion  map->buckets[j]
      |                                   ^ ~~~
      |                                   ;
test.c: In function ‘insertMap’:
test.c:453:5: error: ‘main’ is normally a non-static function [-Werror=main]
  453 | int main( int argc, char *argv[] ) {
      |     ^~~~
test.c:511:1: error: expected declaration or statement at end of input
  511 | }
      | ^
At top level:
test.c:453:5: error: ‘main’ defined but not used [-Werror=unused-function]
  453 | int main( int argc, char *argv[] ) {
      |     ^~~~
test.c:217:5: error: ‘insert_test5’ defined but not used [-Werror=unused-function]
  217 | int insert_test5(){ //factor de carga>0.7, se llama a función enlarge
      |     ^~~~~~~~~~~~
test.c:131:6: error: ‘compare_test’ defined but not used [-Werror=unused-function]
  131 | void compare_test(){
      |      ^~~~~~~~~~~~
test.c:125:6: error: ‘hash_test3’ defined but not used [-Werror=unused-function]
  125 | void hash_test3(){ //no random
      |      ^~~~~~~~~~
test.c:111:6: error: ‘hash_test2’ defined but not used [-Werror=unused-function]
  111 | void hash_test2(){ // colisiones
      |      ^~~~~~~~~~
test.c:100:6: error: ‘hash_test1’ defined but not used [-Werror=unused-function]
  100 | void hash_test1(){ // posición válida
      |      ^~~~~~~~~~
cc1: all warnings being treated as errors
Compilation failed
dfe8add
Sat 27 Apr 2024 05:06:20 PM UTC: 
 hashmap.c | 2 +-
 1 file changed, 1 insertion(+), 1 deletion(-)
In file included from test.c:4:
hashmap.c: In function ‘searchMap’:
hashmap.c:123:3: error: expected ‘,’ or ‘;’ before ‘if’
  123 |   if (posicion == -1)
      |   ^~
hashmap.c:127:3: error: ‘else’ without a previous ‘if’
  127 |   else if (posicion < 0 || posicion >= map->capacity)
      |   ^~~~
hashmap.c:150:35: error: expected ‘;’ before ‘map’
  150 |     for (long j = 0 ; j < posicion  map->buckets[j]
      |                                   ^ ~~~
      |                                   ;
test.c: In function ‘insertMap’:
test.c:453:5: error: ‘main’ is normally a non-static function [-Werror=main]
  453 | int main( int argc, char *argv[] ) {
      |     ^~~~
test.c:511:1: error: expected declaration or statement at end of input
  511 | }
      | ^
At top level:
test.c:453:5: error: ‘main’ defined but not used [-Werror=unused-function]
  453 | int main( int argc, char *argv[] ) {
      |     ^~~~
test.c:217:5: error: ‘insert_test5’ defined but not used [-Werror=unused-function]
  217 | int insert_test5(){ //factor de carga>0.7, se llama a función enlarge
      |     ^~~~~~~~~~~~
test.c:131:6: error: ‘compare_test’ defined but not used [-Werror=unused-function]
  131 | void compare_test(){
      |      ^~~~~~~~~~~~
test.c:125:6: error: ‘hash_test3’ defined but not used [-Werror=unused-function]
  125 | void hash_test3(){ //no random
      |      ^~~~~~~~~~
test.c:111:6: error: ‘hash_test2’ defined but not used [-Werror=unused-function]
  111 | void hash_test2(){ // colisiones
      |      ^~~~~~~~~~
test.c:100:6: error: ‘hash_test1’ defined but not used [-Werror=unused-function]
  100 | void hash_test1(){ // posición válida
      |      ^~~~~~~~~~
cc1: all warnings being treated as errors
Compilation failed
f375ec1
Sat 27 Apr 2024 05:19:36 PM UTC: 
 hashmap.c | 2 +-
 1 file changed, 1 insertion(+), 1 deletion(-)
In file included from test.c:4:
hashmap.c: In function ‘searchMap’:
hashmap.c:123:3: error: expected ‘,’ or ‘;’ before ‘if’
  123 |   if (posicion == -1)
      |   ^~
hashmap.c:127:3: error: ‘else’ without a previous ‘if’
  127 |   else if (posicion < 0 || posicion >= map->capacity)
      |   ^~~~
hashmap.c:150:35: error: expected ‘;’ before ‘map’
  150 |     for (long j = 0 ; j < posicion  map->buckets[j]
      |                                   ^ ~~~
      |                                   ;
test.c: In function ‘insertMap’:
test.c:453:5: error: ‘main’ is normally a non-static function [-Werror=main]
  453 | int main( int argc, char *argv[] ) {
      |     ^~~~
test.c:511:1: error: expected declaration or statement at end of input
  511 | }
      | ^
At top level:
test.c:453:5: error: ‘main’ defined but not used [-Werror=unused-function]
  453 | int main( int argc, char *argv[] ) {
      |     ^~~~
test.c:217:5: error: ‘insert_test5’ defined but not used [-Werror=unused-function]
  217 | int insert_test5(){ //factor de carga>0.7, se llama a función enlarge
      |     ^~~~~~~~~~~~
test.c:131:6: error: ‘compare_test’ defined but not used [-Werror=unused-function]
  131 | void compare_test(){
      |      ^~~~~~~~~~~~
test.c:125:6: error: ‘hash_test3’ defined but not used [-Werror=unused-function]
  125 | void hash_test3(){ //no random
      |      ^~~~~~~~~~
test.c:111:6: error: ‘hash_test2’ defined but not used [-Werror=unused-function]
  111 | void hash_test2(){ // colisiones
      |      ^~~~~~~~~~
test.c:100:6: error: ‘hash_test1’ defined but not used [-Werror=unused-function]
  100 | void hash_test1(){ // posición válida
      |      ^~~~~~~~~~
cc1: all warnings being treated as errors
Compilation failed
502b830
Sat 27 Apr 2024 05:25:53 PM UTC: 
 hashmap.c | 6 +-----
 1 file changed, 1 insertion(+), 5 deletions(-)
In file included from test.c:4:
hashmap.c: In function ‘searchMap’:
hashmap.c:119:3: error: expected ‘,’ or ‘;’ before ‘if’
  119 |   if (posicion == -1)
      |   ^~
hashmap.c:123:3: error: ‘else’ without a previous ‘if’
  123 |   else if (posicion < 0 || posicion >= map->capacity)
      |   ^~~~
hashmap.c:146:35: error: expected ‘;’ before ‘map’
  146 |     for (long j = 0 ; j < posicion  map->buckets[j]
      |                                   ^ ~~~
      |                                   ;
test.c: In function ‘insertMap’:
test.c:453:5: error: ‘main’ is normally a non-static function [-Werror=main]
  453 | int main( int argc, char *argv[] ) {
      |     ^~~~
test.c:511:1: error: expected declaration or statement at end of input
  511 | }
      | ^
At top level:
test.c:453:5: error: ‘main’ defined but not used [-Werror=unused-function]
  453 | int main( int argc, char *argv[] ) {
      |     ^~~~
test.c:217:5: error: ‘insert_test5’ defined but not used [-Werror=unused-function]
  217 | int insert_test5(){ //factor de carga>0.7, se llama a función enlarge
      |     ^~~~~~~~~~~~
test.c:131:6: error: ‘compare_test’ defined but not used [-Werror=unused-function]
  131 | void compare_test(){
      |      ^~~~~~~~~~~~
test.c:125:6: error: ‘hash_test3’ defined but not used [-Werror=unused-function]
  125 | void hash_test3(){ //no random
      |      ^~~~~~~~~~
test.c:111:6: error: ‘hash_test2’ defined but not used [-Werror=unused-function]
  111 | void hash_test2(){ // colisiones
      |      ^~~~~~~~~~
test.c:100:6: error: ‘hash_test1’ defined but not used [-Werror=unused-function]
  100 | void hash_test1(){ // posición válida
      |      ^~~~~~~~~~
cc1: all warnings being treated as errors
Compilation failed
f99f1e4
Sat 27 Apr 2024 05:31:41 PM UTC: 
 hashmap.c | 6 +++---
 1 file changed, 3 insertions(+), 3 deletions(-)
In file included from test.c:4:
hashmap.c: In function ‘insertMap’:
hashmap.c:48:18: error: assignment to ‘Pair **’ from incompatible pointer type ‘Pair *’ [-Werror=incompatible-pointer-types]
   48 |     map->buckets = mapAux;
      |                  ^
hashmap.c: In function ‘searchMap’:
hashmap.c:119:3: error: expected ‘,’ or ‘;’ before ‘if’
  119 |   if (posicion == -1)
      |   ^~
hashmap.c:123:3: error: ‘else’ without a previous ‘if’
  123 |   else if (posicion < 0 || posicion >= map->capacity)
      |   ^~~~
hashmap.c:146:35: error: expected ‘;’ before ‘map’
  146 |     for (long j = 0 ; j < posicion  map->buckets[j]
      |                                   ^ ~~~
      |                                   ;
test.c: In function ‘insertMap’:
test.c:453:5: error: ‘main’ is normally a non-static function [-Werror=main]
  453 | int main( int argc, char *argv[] ) {
      |     ^~~~
test.c:511:1: error: expected declaration or statement at end of input
  511 | }
      | ^
test.c:511:1: error: expected declaration or statement at end of input
At top level:
test.c:453:5: error: ‘main’ defined but not used [-Werror=unused-function]
  453 | int main( int argc, char *argv[] ) {
      |     ^~~~
test.c:217:5: error: ‘insert_test5’ defined but not used [-Werror=unused-function]
  217 | int insert_test5(){ //factor de carga>0.7, se llama a función enlarge
      |     ^~~~~~~~~~~~
test.c:131:6: error: ‘compare_test’ defined but not used [-Werror=unused-function]
  131 | void compare_test(){
      |      ^~~~~~~~~~~~
test.c:125:6: error: ‘hash_test3’ defined but not used [-Werror=unused-function]
  125 | void hash_test3(){ //no random
      |      ^~~~~~~~~~
test.c:111:6: error: ‘hash_test2’ defined but not used [-Werror=unused-function]
  111 | void hash_test2(){ // colisiones
      |      ^~~~~~~~~~
test.c:100:6: error: ‘hash_test1’ defined but not used [-Werror=unused-function]
  100 | void hash_test1(){ // posición válida
      |      ^~~~~~~~~~
cc1: all warnings being treated as errors
Compilation failed
5d26a14
Sat 27 Apr 2024 05:32:52 PM UTC: 
 hashmap.c | 2 +-
 1 file changed, 1 insertion(+), 1 deletion(-)
In file included from test.c:4:
hashmap.c: In function ‘searchMap’:
hashmap.c:119:3: error: expected ‘,’ or ‘;’ before ‘if’
  119 |   if (posicion == -1)
      |   ^~
hashmap.c:123:3: error: ‘else’ without a previous ‘if’
  123 |   else if (posicion < 0 || posicion >= map->capacity)
      |   ^~~~
hashmap.c:146:35: error: expected ‘;’ before ‘map’
  146 |     for (long j = 0 ; j < posicion  map->buckets[j]
      |                                   ^ ~~~
      |                                   ;
test.c: In function ‘insertMap’:
test.c:453:5: error: ‘main’ is normally a non-static function [-Werror=main]
  453 | int main( int argc, char *argv[] ) {
      |     ^~~~
test.c:511:1: error: expected declaration or statement at end of input
  511 | }
      | ^
test.c:511:1: error: expected declaration or statement at end of input
At top level:
test.c:453:5: error: ‘main’ defined but not used [-Werror=unused-function]
  453 | int main( int argc, char *argv[] ) {
      |     ^~~~
test.c:217:5: error: ‘insert_test5’ defined but not used [-Werror=unused-function]
  217 | int insert_test5(){ //factor de carga>0.7, se llama a función enlarge
      |     ^~~~~~~~~~~~
test.c:131:6: error: ‘compare_test’ defined but not used [-Werror=unused-function]
  131 | void compare_test(){
      |      ^~~~~~~~~~~~
test.c:125:6: error: ‘hash_test3’ defined but not used [-Werror=unused-function]
  125 | void hash_test3(){ //no random
      |      ^~~~~~~~~~
test.c:111:6: error: ‘hash_test2’ defined but not used [-Werror=unused-function]
  111 | void hash_test2(){ // colisiones
      |      ^~~~~~~~~~
test.c:100:6: error: ‘hash_test1’ defined but not used [-Werror=unused-function]
  100 | void hash_test1(){ // posición válida
      |      ^~~~~~~~~~
cc1: all warnings being treated as errors
Compilation failed
ad51042
Sat 27 Apr 2024 05:44:33 PM UTC: 
 hashmap.c | 4 ++--
 1 file changed, 2 insertions(+), 2 deletions(-)
In file included from test.c:4:
hashmap.c: In function ‘searchMap’:
hashmap.c:119:3: error: expected ‘,’ or ‘;’ before ‘if’
  119 |   if (posicion == -1)
      |   ^~
hashmap.c:123:3: error: ‘else’ without a previous ‘if’
  123 |   else if (posicion < 0 || posicion >= map->capacity)
      |   ^~~~
hashmap.c:146:35: error: expected ‘;’ before ‘map’
  146 |     for (long j = 0 ; j < posicion  map->buckets[j]
      |                                   ^ ~~~
      |                                   ;
test.c: In function ‘insertMap’:
test.c:453:5: error: ‘main’ is normally a non-static function [-Werror=main]
  453 | int main( int argc, char *argv[] ) {
      |     ^~~~
test.c:511:1: error: expected declaration or statement at end of input
  511 | }
      | ^
test.c:511:1: error: expected declaration or statement at end of input
At top level:
test.c:453:5: error: ‘main’ defined but not used [-Werror=unused-function]
  453 | int main( int argc, char *argv[] ) {
      |     ^~~~
test.c:217:5: error: ‘insert_test5’ defined but not used [-Werror=unused-function]
  217 | int insert_test5(){ //factor de carga>0.7, se llama a función enlarge
      |     ^~~~~~~~~~~~
test.c:131:6: error: ‘compare_test’ defined but not used [-Werror=unused-function]
  131 | void compare_test(){
      |      ^~~~~~~~~~~~
test.c:125:6: error: ‘hash_test3’ defined but not used [-Werror=unused-function]
  125 | void hash_test3(){ //no random
      |      ^~~~~~~~~~
test.c:111:6: error: ‘hash_test2’ defined but not used [-Werror=unused-function]
  111 | void hash_test2(){ // colisiones
      |      ^~~~~~~~~~
test.c:100:6: error: ‘hash_test1’ defined but not used [-Werror=unused-function]
  100 | void hash_test1(){ // posición válida
      |      ^~~~~~~~~~
cc1: all warnings being treated as errors
Compilation failed
fcf30f0
Sat 27 Apr 2024 05:48:31 PM UTC: 
 hashmap.c | 4 ++--
 1 file changed, 2 insertions(+), 2 deletions(-)
test.c: In function ‘insertMap’:
test.c:453:5: error: ‘main’ is normally a non-static function [-Werror=main]
  453 | int main( int argc, char *argv[] ) {
      |     ^~~~
test.c:511:1: error: expected declaration or statement at end of input
  511 | }
      | ^
test.c:511:1: error: expected declaration or statement at end of input
At top level:
test.c:453:5: error: ‘main’ defined but not used [-Werror=unused-function]
  453 | int main( int argc, char *argv[] ) {
      |     ^~~~
test.c:217:5: error: ‘insert_test5’ defined but not used [-Werror=unused-function]
  217 | int insert_test5(){ //factor de carga>0.7, se llama a función enlarge
      |     ^~~~~~~~~~~~
test.c:131:6: error: ‘compare_test’ defined but not used [-Werror=unused-function]
  131 | void compare_test(){
      |      ^~~~~~~~~~~~
test.c:125:6: error: ‘hash_test3’ defined but not used [-Werror=unused-function]
  125 | void hash_test3(){ //no random
      |      ^~~~~~~~~~
test.c:111:6: error: ‘hash_test2’ defined but not used [-Werror=unused-function]
  111 | void hash_test2(){ // colisiones
      |      ^~~~~~~~~~
test.c:100:6: error: ‘hash_test1’ defined but not used [-Werror=unused-function]
  100 | void hash_test1(){ // posición válida
      |      ^~~~~~~~~~
cc1: all warnings being treated as errors
Compilation failed
6009b11
Sat 27 Apr 2024 05:52:21 PM UTC: 
 hashmap.c | 3 +++
 1 file changed, 3 insertions(+)
In file included from test.c:4:
hashmap.c: In function ‘firstMap’:
hashmap.c:179:1: error: control reaches end of non-void function [-Werror=return-type]
  179 | }
      | ^
cc1: all warnings being treated as errors
Compilation failed
5a44281
Sat 27 Apr 2024 05:52:48 PM UTC: 
 hashmap.c | 8 --------
 1 file changed, 8 deletions(-)
In file included from test.c:4:
hashmap.c: In function ‘firstMap’:
hashmap.c:171:1: error: control reaches end of non-void function [-Werror=return-type]
  171 | }
      | ^
cc1: all warnings being treated as errors
Compilation failed
5a2afd9
Sat 27 Apr 2024 05:53:05 PM UTC: 
 hashmap.c | 3 ---
 1 file changed, 3 deletions(-)
 tests:  0|0
729dd7b
Sat 27 Apr 2024 05:53:46 PM UTC: 
 hashmap.c | 2 +-
 1 file changed, 1 insertion(+), 1 deletion(-)
 tests:  5|5
total_score: 20/70
8f76190
Sat 27 Apr 2024 05:56:06 PM UTC: 
 hashmap.c | 4 ++--
 1 file changed, 2 insertions(+), 2 deletions(-)
 tests:  5|5
total_score: 20/70
6477d21
Sat 27 Apr 2024 05:57:42 PM UTC: 
 hashmap.c | 2 +-
 1 file changed, 1 insertion(+), 1 deletion(-)
 tests:  5|5
total_score: 20/70
2a4d857
Sat 27 Apr 2024 06:01:49 PM UTC: 
 hashmap.c | 8 ++++++++
 1 file changed, 8 insertions(+)
 tests:  7|5
total_score: 20/70
df0cac3
Sat 27 Apr 2024 06:07:50 PM UTC: 
 hashmap.c | 14 +++++++++++---
 1 file changed, 11 insertions(+), 3 deletions(-)
 tests:  7|5
total_score: 20/70
19e2f7b
Sat 27 Apr 2024 06:11:50 PM UTC: 
 hashmap.c | 2 +-
 1 file changed, 1 insertion(+), 1 deletion(-)
 tests:  9|4
total_score: 30/70
154a447
Sat 27 Apr 2024 06:12:45 PM UTC: 
 hashmap.c | 4 ++--
 1 file changed, 2 insertions(+), 2 deletions(-)
 tests:  9|4
total_score: 30/70
5faad28
Sat 27 Apr 2024 06:17:53 PM UTC: 
 hashmap.c | 2 +-
 1 file changed, 1 insertion(+), 1 deletion(-)
 tests:  10|3
total_score: 40/70
ae5d36b
Sat 27 Apr 2024 06:31:57 PM UTC: 
 hashmap.c | 8 ++++++++
 1 file changed, 8 insertions(+)
 tests:  11|3
total_score: 40/70
955b48f
Sat 27 Apr 2024 06:33:33 PM UTC: 
 hashmap.c | 2 +-
 1 file changed, 1 insertion(+), 1 deletion(-)
 tests:  11|3
total_score: 40/70
4165453
Sat 27 Apr 2024 06:33:47 PM UTC: 
 hashmap.c | 2 +-
 1 file changed, 1 insertion(+), 1 deletion(-)
 tests:  11|3
total_score: 40/70
ef5a02e
Sat 27 Apr 2024 06:34:10 PM UTC: 
 hashmap.c | 2 +-
 1 file changed, 1 insertion(+), 1 deletion(-)
 tests:  11|3
total_score: 40/70
403d8ae
Sat 27 Apr 2024 06:34:32 PM UTC: 
 hashmap.c | 2 +-
 1 file changed, 1 insertion(+), 1 deletion(-)
 tests:  11|3
total_score: 40/70
592d7de
Sat 27 Apr 2024 06:34:58 PM UTC: 
 hashmap.c | 2 +-
 1 file changed, 1 insertion(+), 1 deletion(-)
 tests:  11|3
total_score: 40/70
caca9cc
Sat 27 Apr 2024 06:36:12 PM UTC: 
 hashmap.c | 2 +-
 1 file changed, 1 insertion(+), 1 deletion(-)
In file included from test.c:4:
hashmap.c: In function ‘nextMap’:
hashmap.c:190:71: error: expected ‘)’ before ‘{’ token
  190 |       if (map->buckets[i] != NULL && strcmp(map->buckets[i]->key , "")
      |          ~                                                            ^
      |                                                                       )
  191 |       {
      |       ~                                                                
hashmap.c:195:5: error: expected expression before ‘}’ token
  195 |     }
      |     ^
Compilation failed
a25e146
Sat 27 Apr 2024 06:36:48 PM UTC: 
 hashmap.c | 2 +-
 1 file changed, 1 insertion(+), 1 deletion(-)
 tests:  11|3
total_score: 40/70
da859d0
